[    1892ms] [ERROR] Warning: Expected server HTML to contain a matching <div> in <div>.
div
div
SubstackTool@webpack-internal:///(app-pages-browser)/./app/(dashboard)/gallery/content-publisher/page.tsx:93:88
div
div
ContentPublisherPage@webpack-internal:///(app-pages-browser)/./app/(dashboard)/gallery/content-publisher/page.tsx:15:86
ClientPageRoot@webpack-internal:///(app-pages-browser)/./node_modules/next/dist/client/components/client-page.js:14:32
InnerLayoutRouter@webpack-internal:///(app-pages-browser)/./node_modules/next/dist/client/components/layout-router.js:244:18
RedirectErrorBoundary@webpack-internal:///(app-pages-browser)/./node_modules/next/dist/client/components/redirect-boundary.js:74:9
RedirectBoundary@webpack-internal:///(app-pages-browser)/./node_modules/next/dist/client/components/redirect-boundary.js:82:24
NotFoundBoundary@webpack-internal:///(app-pages-browser)/./node_modules/next/dist/client/components/not-found-boundary.js:84:62
LoadingBoundary@webpack-internal:///(app-pages-browser)/./node_modules/next/dist/client/components/layout-router.js:349:76
ErrorBoundary@webpack-internal:///(app-pages-browser)/./node_modules/next/dist/client/components/error-boundary.js:160:67
InnerScrollAndFocusHandler@webpack-internal:///(app-pages-browser)/./node_modules/next/dist/client/components/layout-router.js:153:9
ScrollAndFocusHandler@webpack-internal:///(app-pages-browser)/./node_modules/next/dist/client/components/layout-router.js:228:37
RenderFromTemplateContext@webpack-internal:///(app-pages-browser)/./node_modules/next/dist/client/components/render-from-template-context.js:16:44
OuterLayoutRouter@webpack-internal:///(app-pages-browser)/./node_modules/next/dist/client/components/layout-router.js:370:149
InnerLayoutRouter@webpack-internal:///(app-pages-browser)/./node_modules/next/dist/client/components/layout-router.js:244:18
RedirectErrorBoundary@webpack-internal:///(app-pages-browser)/./node_modules/next/dist/client/components/redirect-boundary.js:74:9
RedirectBoundary@webpack-internal:///(app-pages-browser)/./node_modules/next/dist/client/components/redirect-boundary.js:82:24
NotFoundBoundary@webpack-internal:///(app-pages-browser)/./node_modules/next/dist/client/components/not-found-boundary.js:84:62
LoadingBoundary@webpack-internal:///(app-pages-browser)/./node_modules/next/dist/client/components/layout-router.js:349:76
ErrorBoundary@webpack-internal:///(app-pages-browser)/./node_modules/next/dist/client/components/error-boundary.js:160:67
InnerScrollAndFocusHandler@webpack-internal:///(app-pages-browser)/./node_modules/next/dist/client/components/layout-router.js:153:9
ScrollAndFocusHandler@webpack-internal:///(app-pages-browser)/./node_modules/next/dist/client/components/layout-router.js:228:37
RenderFromTemplateContext@webpack-internal:///(app-pages-browser)/./node_modules/next/dist/client/components/render-from-template-context.js:16:44
OuterLayoutRouter@webpack-internal:///(app-pages-browser)/./node_modules/next/dist/client/components/layout-router.js:370:149
InnerLayoutRouter@webpack-internal:///(app-pages-browser)/./node_modules/next/dist/client/components/layout-router.js:244:18
RedirectErrorBoundary@webpack-internal:///(app-pages-browser)/./node_modules/next/dist/client/components/redirect-boundary.js:74:9
RedirectBoundary@webpack-internal:///(app-pages-browser)/./node_modules/next/dist/client/components/redirect-boundary.js:82:24
NotFoundBoundary@webpack-internal:///(app-pages-browser)/./node_modules/next/dist/client/components/not-found-boundary.js:84:62
LoadingBoundary@webpack-internal:///(app-pages-browser)/./node_modules/next/dist/client/components/layout-router.js:349:76
ErrorBoundary@webpack-internal:///(app-pages-browser)/./node_modules/next/dist/client/components/error-boundary.js:160:67
InnerScrollAndFocusHandler@webpack-internal:///(app-pages-browser)/./node_modules/next/dist/client/components/layout-router.js:153:9
ScrollAndFocusHandler@webpack-internal:///(app-pages-browser)/./node_modules/next/dist/client/components/layout-router.js:228:37
RenderFromTemplateContext@webpack-internal:///(app-pages-browser)/./node_modules/next/dist/client/components/render-from-template-context.js:16:44
OuterLayoutRouter@webpack-internal:///(app-pages-browser)/./node_modules/next/dist/client/components/layout-router.js:370:149
main
div
DashboardLayout (Server)
InnerLayoutRouter@webpack-internal:///(app-pages-browser)/./node_modules/next/dist/client/components/layout-router.js:244:18
RedirectErrorBoundary@webpack-internal:///(app-pages-browser)/./node_modules/next/dist/client/components/redirect-boundary.js:74:9
RedirectBoundary@webpack-internal:///(app-pages-browser)/./node_modules/next/dist/client/components/redirect-boundary.js:82:24
NotFoundErrorBoundary@webpack-internal:///(app-pages-browser)/./node_modules/next/dist/client/components/not-found-boundary.js:76:9
NotFoundBoundary@webpack-internal:///(app-pages-browser)/./node_modules/next/dist/client/components/not-found-boundary.js:84:62
LoadingBoundary@webpack-internal:///(app-pages-browser)/./node_modules/next/dist/client/components/layout-router.js:349:76
ErrorBoundary@webpack-internal:///(app-pages-browser)/./node_modules/next/dist/client/components/error-boundary.js:160:67
InnerScrollAndFocusHandler@webpack-internal:///(app-pages-browser)/./node_modules/next/dist/client/components/layout-router.js:153:9
ScrollAndFocusHandler@webpack-internal:///(app-pages-browser)/./node_modules/next/dist/client/components/layout-router.js:228:37
RenderFromTemplateContext@webpack-internal:///(app-pages-browser)/./node_modules/next/dist/client/components/render-from-template-context.js:16:44
OuterLayoutRouter@webpack-internal:///(app-pages-browser)/./node_modules/next/dist/client/components/layout-router.js:370:149
body
html
RootLayout (Server)
RedirectErrorBoundary@webpack-internal:///(app-pages-browser)/./node_modules/next/dist/client/components/redirect-boundary.js:74:9
RedirectBoundary@webpack-internal:///(app-pages-browser)/./node_modules/next/dist/client/components/redirect-boundary.js:82:24
NotFoundErrorBoundary@webpack-internal:///(app-pages-browser)/./node_modules/next/dist/client/components/not-found-boundary.js:76:9
NotFoundBoundary@webpack-internal:///(app-pages-browser)/./node_modules/next/dist/client/components/not-found-boundary.js:84:62
DevRootNotFoundBoundary@webpack-internal:///(app-pages-browser)/./node_modules/next/dist/client/components/dev-root-not-found-boundary.js:33:24
ReactDevOverlay@webpack-internal:///(app-pages-browser)/./node_modules/next/dist/client/components/react-dev-overlay/app/ReactDevOverlay.js:87:9
HotReload@webpack-internal:///(app-pages-browser)/./node_modules/next/dist/client/components/react-dev-overlay/app/hot-reloader-client.js:321:37
Router@webpack-internal:///(app-pages-browser)/./node_modules/next/dist/client/components/app-router.js:207:123
ErrorBoundaryHandler@webpack-internal:///(app-pages-browser)/./node_modules/next/dist/client/components/error-boundary.js:113:9
ErrorBoundary@webpack-internal:///(app-pages-browser)/./node_modules/next/dist/client/components/error-boundary.js:160:67
AppRouter@webpack-internal:///(app-pages-browser)/./node_modules/next/dist/client/components/app-router.js:585:47
ServerRoot@webpack-internal:///(app-pages-browser)/./node_modules/next/dist/client/app-index.js:112:27
Root@webpack-internal:///(app-pages-browser)/./node_modules/next/dist/client/app-index.js:117:24 @ webpack-internal:///(app-pages-browser)/./node_modules/next/dist/client/app-index.js:32
[    1892ms] [ERROR] [JavaScript Error: "downloadable font: download failed (font-family: "Diatype" style:normal weight:400 stretch:100 src index:0): status=2147746065 source: https://type.cargo.site/files/Diatype-Regular.woff2"] @ :168
[    1893ms] Error: Hydration failed because the initial UI does not match what was rendered on the server.
    at throwOnHydrationMismatch (webpack-internal:///(app-pages-browser)/./node_modules/next/dist/compiled/react-dom/cjs/react-dom.development.js:6981:9)
    at tryToClaimNextHydratableInstance (webpack-internal:///(app-pages-browser)/./node_modules/next/dist/compiled/react-dom/cjs/react-dom.development.js:7016:7)
    at updateHostComponent$1 (webpack-internal:///(app-pages-browser)/./node_modules/next/dist/compiled/react-dom/cjs/react-dom.development.js:16621:37)
    at beginWork$1 (webpack-internal:///(app-pages-browser)/./node_modules/next/dist/compiled/react-dom/cjs/react-dom.development.js:18503:14)
    at callCallback (webpack-internal:///(app-pages-browser)/./node_modules/next/dist/compiled/react-dom/cjs/react-dom.development.js:20565:14)
    at invokeGuardedCallbackImpl (webpack-internal:///(app-pages-browser)/./node_modules/next/dist/compiled/react-dom/cjs/react-dom.development.js:20614:16)
    at invokeGuardedCallback (webpack-internal:///(app-pages-browser)/./node_modules/next/dist/compiled/react-dom/cjs/react-dom.development.js:20689:29)
    at beginWork (webpack-internal:///(app-pages-browser)/./node_modules/next/dist/compiled/react-dom/cjs/react-dom.development.js:26949:28)
    at performUnitOfWork (webpack-internal:///(app-pages-browser)/./node_modules/next/dist/compiled/react-dom/cjs/react-dom.development.js:25748:12)
    at workLoopConcurrent (webpack-internal:///(app-pages-browser)/./node_modules/next/dist/compiled/react-dom/cjs/react-dom.development.js:25734:22)
    at renderRootConcurrent (webpack-internal:///(app-pages-browser)/./node_modules/next/dist/compiled/react-dom/cjs/react-dom.development.js:25690:9)
    at performConcurrentWorkOnRoot (webpack-internal:///(app-pages-browser)/./node_modules/next/dist/compiled/react-dom/cjs/react-dom.development.js:24504:38)
    at workLoop (webpack-internal:///(app-pages-browser)/./node_modules/next/dist/compiled/scheduler/cjs/scheduler.development.js:256:42)
    at flushWork (webpack-internal:///(app-pages-browser)/./node_modules/next/dist/compiled/scheduler/cjs/scheduler.development.js:225:14)
    at performWorkUntilDeadline (webpack-internal:///(app-pages-browser)/./node_modules/next/dist/compiled/scheduler/cjs/scheduler.development.js:534:21)
    at EventHandlerNonNull* (webpack-internal:///(app-pages-browser)/./node_modules/next/dist/compiled/scheduler/cjs/scheduler.development.js:569:3)
    at  (webpack-internal:///(app-pages-browser)/./node_modules/next/dist/compiled/scheduler/cjs/scheduler.development.js:630:5)
    at (app-pages-browser)/./node_modules/next/dist/compiled/scheduler/cjs/scheduler.development.js (http://localhost:3000/_next/static/chunks/main-app.js?v=1770431293155:113:1)
    at options.factory (http://localhost:3000/_next/static/chunks/webpack.js?v=1770431293155:715:31)
    at __webpack_require__ (http://localhost:3000/_next/static/chunks/webpack.js?v=1770431293155:37:33)
    at fn (http://localhost:3000/_next/static/chunks/webpack.js?v=1770431293155:371:21)
    at  (webpack-internal:///(app-pages-browser)/./node_modules/next/dist/compiled/scheduler/index.js:4:20)
    at (app-pages-browser)/./node_modules/next/dist/compiled/scheduler/index.js (http://localhost:3000/_next/static/chunks/main-app.js?v=1770431293155:124:1)
    at options.factory (http://localhost:3000/_next/static/chunks/webpack.js?v=1770431293155:715:31)
    at __webpack_require__ (http://localhost:3000/_next/static/chunks/webpack.js?v=1770431293155:37:33)
    at fn (http://localhost:3000/_next/static/chunks/webpack.js?v=1770431293155:371:21)
    at  (webpack-internal:///(app-pages-browser)/./node_modules/next/dist/compiled/react-dom/cjs/react-dom.development.js:27:36)
    at  (webpack-internal:///(app-pages-browser)/./node_modules/next/dist/compiled/react-dom/cjs/react-dom.development.js:38595:5)
    at (app-pages-browser)/./node_modules/next/dist/compiled/react-dom/cjs/react-dom.development.js (http://localhost:3000/_next/static/chunks/main-app.js?v=1770431293155:1836:1)
    at options.factory (http://localhost:3000/_next/static/chunks/webpack.js?v=1770431293155:715:31)
    at __webpack_require__ (http://localhost:3000/_next/static/chunks/webpack.js?v=1770431293155:37:33)
    at fn (http://localhost:3000/_next/static/chunks/webpack.js?v=1770431293155:371:21)
    at  (webpack-internal:///(app-pages-browser)/./node_modules/next/dist/compiled/react-dom/index.js:32:20)
    at (app-pages-browser)/./node_modules/next/dist/compiled/react-dom/index.js (http://localhost:3000/_next/static/chunks/main-app.js?v=1770431293155:1858:1)
    at options.factory (http://localhost:3000/_next/static/chunks/webpack.js?v=1770431293155:715:31)
    at __webpack_require__ (http://localhost:3000/_next/static/chunks/webpack.js?v=1770431293155:37:33)
    at fn (http://localhost:3000/_next/static/chunks/webpack.js?v=1770431293155:371:21)
    at  (webpack-internal:///(app-pages-browser)/./node_modules/next/dist/compiled/react-dom/client.js:3:28)
    at (app-pages-browser)/./node_modules/next/dist/compiled/react-dom/client.js (http://localhost:3000/_next/static/chunks/main-app.js?v=1770431293155:1847:1)
    at options.factory (http://localhost:3000/_next/static/chunks/webpack.js?v=1770431293155:715:31)
    at __webpack_require__ (http://localhost:3000/_next/static/chunks/webpack.js?v=1770431293155:37:33)
    at fn (http://localhost:3000/_next/static/chunks/webpack.js?v=1770431293155:371:21)
    at  (webpack-internal:///(app-pages-browser)/./node_modules/next/dist/client/app-index.js:15:58)
    at (app-pages-browser)/./node_modules/next/dist/client/app-index.js (http://localhost:3000/_next/static/chunks/main-app.js?v=1770431293155:244:1)
    at options.factory (http://localhost:3000/_next/static/chunks/webpack.js?v=1770431293155:715:31)
    at __webpack_require__ (http://localhost:3000/_next/static/chunks/webpack.js?v=1770431293155:37:33)
    at fn (http://localhost:3000/_next/static/chunks/webpack.js?v=1770431293155:371:21)
    at  (webpack-internal:///(app-pages-browser)/./node_modules/next/dist/client/app-next-dev.js:9:44)
    at appBootstrap/< (webpack-internal:///(app-pages-browser)/./node_modules/next/dist/client/app-bootstrap.js:57:9)
    at loadScriptsInSequence (webpack-internal:///(app-pages-browser)/./node_modules/next/dist/client/app-bootstrap.js:23:16)
    at appBootstrap (webpack-internal:///(app-pages-browser)/./node_modules/next/dist/client/app-bootstrap.js:56:26)
    at  (webpack-internal:///(app-pages-browser)/./node_modules/next/dist/client/app-next-dev.js:8:32)
    at (app-pages-browser)/./node_modules/next/dist/client/app-next-dev.js (http://localhost:3000/_next/static/chunks/main-app.js?v=1770431293155:266:1)
    at options.factory (http://localhost:3000/_next/static/chunks/webpack.js?v=1770431293155:715:31)
    at __webpack_require__ (http://localhost:3000/_next/static/chunks/webpack.js?v=1770431293155:37:33)
    at __webpack_exec__ (http://localhost:3000/_next/static/chunks/main-app.js?v=1770431293155:1996:61)
    at  (http://localhost:3000/_next/static/chunks/main-app.js?v=1770431293155:1997:154)
    at webpackJsonpCallback (http://localhost:3000/_next/static/chunks/webpack.js?v=1770431293155:1387:46)
    at  (http://localhost:3000/_next/static/chunks/main-app.js?v=1770431293155:9:61)
[    1897ms] [ERROR] Warning: An error occurred during hydration. The server HTML was replaced with client content in <#document>. @ webpack-internal:///(app-pages-browser)/./node_modules/next/dist/client/app-index.js:32
[    1907ms] [ERROR] [JavaScript Error: "downloadable font: download failed (font-family: "Terminal Grotesque" style:normal weight:400 stretch:100 src index:0): status=2147746065 source: https://type.cargo.site/files/TerminalGrotesque.woff2"] @ :160
[    1907ms] Error: Hydration failed because the initial UI does not match what was rendered on the server.
    at throwOnHydrationMismatch (webpack-internal:///(app-pages-browser)/./node_modules/next/dist/compiled/react-dom/cjs/react-dom.development.js:6981:9)
    at tryToClaimNextHydratableInstance (webpack-internal:///(app-pages-browser)/./node_modules/next/dist/compiled/react-dom/cjs/react-dom.development.js:7016:7)
    at updateHostComponent$1 (webpack-internal:///(app-pages-browser)/./node_modules/next/dist/compiled/react-dom/cjs/react-dom.development.js:16621:37)
    at beginWork$1 (webpack-internal:///(app-pages-browser)/./node_modules/next/dist/compiled/react-dom/cjs/react-dom.development.js:18503:14)
    at beginWork (webpack-internal:///(app-pages-browser)/./node_modules/next/dist/compiled/react-dom/cjs/react-dom.development.js:26927:14)
    at performUnitOfWork (webpack-internal:///(app-pages-browser)/./node_modules/next/dist/compiled/react-dom/cjs/react-dom.development.js:25748:12)
    at workLoopConcurrent (webpack-internal:///(app-pages-browser)/./node_modules/next/dist/compiled/react-dom/cjs/react-dom.development.js:25734:22)
    at renderRootConcurrent (webpack-internal:///(app-pages-browser)/./node_modules/next/dist/compiled/react-dom/cjs/react-dom.development.js:25690:9)
    at performConcurrentWorkOnRoot (webpack-internal:///(app-pages-browser)/./node_modules/next/dist/compiled/react-dom/cjs/react-dom.development.js:24504:38)
    at workLoop (webpack-internal:///(app-pages-browser)/./node_modules/next/dist/compiled/scheduler/cjs/scheduler.development.js:256:42)
    at flushWork (webpack-internal:///(app-pages-browser)/./node_modules/next/dist/compiled/scheduler/cjs/scheduler.development.js:225:14)
    at performWorkUntilDeadline (webpack-internal:///(app-pages-browser)/./node_modules/next/dist/compiled/scheduler/cjs/scheduler.development.js:534:21)
    at EventHandlerNonNull* (webpack-internal:///(app-pages-browser)/./node_modules/next/dist/compiled/scheduler/cjs/scheduler.development.js:569:3)
    at  (webpack-internal:///(app-pages-browser)/./node_modules/next/dist/compiled/scheduler/cjs/scheduler.development.js:630:5)
    at (app-pages-browser)/./node_modules/next/dist/compiled/scheduler/cjs/scheduler.development.js (http://localhost:3000/_next/static/chunks/main-app.js?v=1770431293155:113:1)
    at options.factory (http://localhost:3000/_next/static/chunks/webpack.js?v=1770431293155:715:31)
    at __webpack_require__ (http://localhost:3000/_next/static/chunks/webpack.js?v=1770431293155:37:33)
    at fn (http://localhost:3000/_next/static/chunks/webpack.js?v=1770431293155:371:21)
    at  (webpack-internal:///(app-pages-browser)/./node_modules/next/dist/compiled/scheduler/index.js:4:20)
    at (app-pages-browser)/./node_modules/next/dist/compiled/scheduler/index.js (http://localhost:3000/_next/static/chunks/main-app.js?v=1770431293155:124:1)
    at options.factory (http://localhost:3000/_next/static/chunks/webpack.js?v=1770431293155:715:31)
    at __webpack_require__ (http://localhost:3000/_next/static/chunks/webpack.js?v=1770431293155:37:33)
    at fn (http://localhost:3000/_next/static/chunks/webpack.js?v=1770431293155:371:21)
    at  (webpack-internal:///(app-pages-browser)/./node_modules/next/dist/compiled/react-dom/cjs/react-dom.development.js:27:36)
    at  (webpack-internal:///(app-pages-browser)/./node_modules/next/dist/compiled/react-dom/cjs/react-dom.development.js:38595:5)
    at (app-pages-browser)/./node_modules/next/dist/compiled/react-dom/cjs/react-dom.development.js (http://localhost:3000/_next/static/chunks/main-app.js?v=1770431293155:1836:1)
    at options.factory (http://localhost:3000/_next/static/chunks/webpack.js?v=1770431293155:715:31)
    at __webpack_require__ (http://localhost:3000/_next/static/chunks/webpack.js?v=1770431293155:37:33)
    at fn (http://localhost:3000/_next/static/chunks/webpack.js?v=1770431293155:371:21)
    at  (webpack-internal:///(app-pages-browser)/./node_modules/next/dist/compiled/react-dom/index.js:32:20)
    at (app-pages-browser)/./node_modules/next/dist/compiled/react-dom/index.js (http://localhost:3000/_next/static/chunks/main-app.js?v=1770431293155:1858:1)
    at options.factory (http://localhost:3000/_next/static/chunks/webpack.js?v=1770431293155:715:31)
    at __webpack_require__ (http://localhost:3000/_next/static/chunks/webpack.js?v=1770431293155:37:33)
    at fn (http://localhost:3000/_next/static/chunks/webpack.js?v=1770431293155:371:21)
    at  (webpack-internal:///(app-pages-browser)/./node_modules/next/dist/compiled/react-dom/client.js:3:28)
    at (app-pages-browser)/./node_modules/next/dist/compiled/react-dom/client.js (http://localhost:3000/_next/static/chunks/main-app.js?v=1770431293155:1847:1)
    at options.factory (http://localhost:3000/_next/static/chunks/webpack.js?v=1770431293155:715:31)
    at __webpack_require__ (http://localhost:3000/_next/static/chunks/webpack.js?v=1770431293155:37:33)
    at fn (http://localhost:3000/_next/static/chunks/webpack.js?v=1770431293155:371:21)
    at  (webpack-internal:///(app-pages-browser)/./node_modules/next/dist/client/app-index.js:15:58)
    at (app-pages-browser)/./node_modules/next/dist/client/app-index.js (http://localhost:3000/_next/static/chunks/main-app.js?v=1770431293155:244:1)
    at options.factory (http://localhost:3000/_next/static/chunks/webpack.js?v=1770431293155:715:31)
    at __webpack_require__ (http://localhost:3000/_next/static/chunks/webpack.js?v=1770431293155:37:33)
    at fn (http://localhost:3000/_next/static/chunks/webpack.js?v=1770431293155:371:21)
    at  (webpack-internal:///(app-pages-browser)/./node_modules/next/dist/client/app-next-dev.js:9:44)
    at appBootstrap/< (webpack-internal:///(app-pages-browser)/./node_modules/next/dist/client/app-bootstrap.js:57:9)
    at loadScriptsInSequence (webpack-internal:///(app-pages-browser)/./node_modules/next/dist/client/app-bootstrap.js:23:16)
    at appBootstrap (webpack-internal:///(app-pages-browser)/./node_modules/next/dist/client/app-bootstrap.js:56:26)
    at  (webpack-internal:///(app-pages-browser)/./node_modules/next/dist/client/app-next-dev.js:8:32)
    at (app-pages-browser)/./node_modules/next/dist/client/app-next-dev.js (http://localhost:3000/_next/static/chunks/main-app.js?v=1770431293155:266:1)
    at options.factory (http://localhost:3000/_next/static/chunks/webpack.js?v=1770431293155:715:31)
    at __webpack_require__ (http://localhost:3000/_next/static/chunks/webpack.js?v=1770431293155:37:33)
    at __webpack_exec__ (http://localhost:3000/_next/static/chunks/main-app.js?v=1770431293155:1996:61)
    at  (http://localhost:3000/_next/static/chunks/main-app.js?v=1770431293155:1997:154)
    at webpackJsonpCallback (http://localhost:3000/_next/static/chunks/webpack.js?v=1770431293155:1387:46)
    at  (http://localhost:3000/_next/static/chunks/main-app.js?v=1770431293155:9:61)
[    1908ms] Error: Hydration failed because the initial UI does not match what was rendered on the server.
See more info here: https://nextjs.org/docs/messages/react-hydration-error
    at throwOnHydrationMismatch (webpack-internal:///(app-pages-browser)/./node_modules/next/dist/compiled/react-dom/cjs/react-dom.development.js:6981:9)
    at tryToClaimNextHydratableInstance (webpack-internal:///(app-pages-browser)/./node_modules/next/dist/compiled/react-dom/cjs/react-dom.development.js:7016:7)
    at updateHostComponent$1 (webpack-internal:///(app-pages-browser)/./node_modules/next/dist/compiled/react-dom/cjs/react-dom.development.js:16621:37)
    at beginWork$1 (webpack-internal:///(app-pages-browser)/./node_modules/next/dist/compiled/react-dom/cjs/react-dom.development.js:18503:14)
    at beginWork (webpack-internal:///(app-pages-browser)/./node_modules/next/dist/compiled/react-dom/cjs/react-dom.development.js:26927:14)
    at performUnitOfWork (webpack-internal:///(app-pages-browser)/./node_modules/next/dist/compiled/react-dom/cjs/react-dom.development.js:25748:12)
    at workLoopConcurrent (webpack-internal:///(app-pages-browser)/./node_modules/next/dist/compiled/react-dom/cjs/react-dom.development.js:25734:22)
    at renderRootConcurrent (webpack-internal:///(app-pages-browser)/./node_modules/next/dist/compiled/react-dom/cjs/react-dom.development.js:25690:9)
    at performConcurrentWorkOnRoot (webpack-internal:///(app-pages-browser)/./node_modules/next/dist/compiled/react-dom/cjs/react-dom.development.js:24504:38)
    at workLoop (webpack-internal:///(app-pages-browser)/./node_modules/next/dist/compiled/scheduler/cjs/scheduler.development.js:256:42)
    at flushWork (webpack-internal:///(app-pages-browser)/./node_modules/next/dist/compiled/scheduler/cjs/scheduler.development.js:225:14)
    at performWorkUntilDeadline (webpack-internal:///(app-pages-browser)/./node_modules/next/dist/compiled/scheduler/cjs/scheduler.development.js:534:21)
    at EventHandlerNonNull* (webpack-internal:///(app-pages-browser)/./node_modules/next/dist/compiled/scheduler/cjs/scheduler.development.js:569:3)
    at  (webpack-internal:///(app-pages-browser)/./node_modules/next/dist/compiled/scheduler/cjs/scheduler.development.js:630:5)
    at (app-pages-browser)/./node_modules/next/dist/compiled/scheduler/cjs/scheduler.development.js (http://localhost:3000/_next/static/chunks/main-app.js?v=1770431293155:113:1)
    at options.factory (http://localhost:3000/_next/static/chunks/webpack.js?v=1770431293155:715:31)
    at __webpack_require__ (http://localhost:3000/_next/static/chunks/webpack.js?v=1770431293155:37:33)
    at fn (http://localhost:3000/_next/static/chunks/webpack.js?v=1770431293155:371:21)
    at  (webpack-internal:///(app-pages-browser)/./node_modules/next/dist/compiled/scheduler/index.js:4:20)
    at (app-pages-browser)/./node_modules/next/dist/compiled/scheduler/index.js (http://localhost:3000/_next/static/chunks/main-app.js?v=1770431293155:124:1)
    at options.factory (http://localhost:3000/_next/static/chunks/webpack.js?v=1770431293155:715:31)
    at __webpack_require__ (http://localhost:3000/_next/static/chunks/webpack.js?v=1770431293155:37:33)
    at fn (http://localhost:3000/_next/static/chunks/webpack.js?v=1770431293155:371:21)
    at  (webpack-internal:///(app-pages-browser)/./node_modules/next/dist/compiled/react-dom/cjs/react-dom.development.js:27:36)
    at  (webpack-internal:///(app-pages-browser)/./node_modules/next/dist/compiled/react-dom/cjs/react-dom.development.js:38595:5)
    at (app-pages-browser)/./node_modules/next/dist/compiled/react-dom/cjs/react-dom.development.js (http://localhost:3000/_next/static/chunks/main-app.js?v=1770431293155:1836:1)
    at options.factory (http://localhost:3000/_next/static/chunks/webpack.js?v=1770431293155:715:31)
    at __webpack_require__ (http://localhost:3000/_next/static/chunks/webpack.js?v=1770431293155:37:33)
    at fn (http://localhost:3000/_next/static/chunks/webpack.js?v=1770431293155:371:21)
    at  (webpack-internal:///(app-pages-browser)/./node_modules/next/dist/compiled/react-dom/index.js:32:20)
    at (app-pages-browser)/./node_modules/next/dist/compiled/react-dom/index.js (http://localhost:3000/_next/static/chunks/main-app.js?v=1770431293155:1858:1)
    at options.factory (http://localhost:3000/_next/static/chunks/webpack.js?v=1770431293155:715:31)
    at __webpack_require__ (http://localhost:3000/_next/static/chunks/webpack.js?v=1770431293155:37:33)
    at fn (http://localhost:3000/_next/static/chunks/webpack.js?v=1770431293155:371:21)
    at  (webpack-internal:///(app-pages-browser)/./node_modules/next/dist/compiled/react-dom/client.js:3:28)
    at (app-pages-browser)/./node_modules/next/dist/compiled/react-dom/client.js (http://localhost:3000/_next/static/chunks/main-app.js?v=1770431293155:1847:1)
    at options.factory (http://localhost:3000/_next/static/chunks/webpack.js?v=1770431293155:715:31)
    at __webpack_require__ (http://localhost:3000/_next/static/chunks/webpack.js?v=1770431293155:37:33)
    at fn (http://localhost:3000/_next/static/chunks/webpack.js?v=1770431293155:371:21)
    at  (webpack-internal:///(app-pages-browser)/./node_modules/next/dist/client/app-index.js:15:58)
    at (app-pages-browser)/./node_modules/next/dist/client/app-index.js (http://localhost:3000/_next/static/chunks/main-app.js?v=1770431293155:244:1)
    at options.factory (http://localhost:3000/_next/static/chunks/webpack.js?v=1770431293155:715:31)
    at __webpack_require__ (http://localhost:3000/_next/static/chunks/webpack.js?v=1770431293155:37:33)
    at fn (http://localhost:3000/_next/static/chunks/webpack.js?v=1770431293155:371:21)
    at  (webpack-internal:///(app-pages-browser)/./node_modules/next/dist/client/app-next-dev.js:9:44)
    at appBootstrap/< (webpack-internal:///(app-pages-browser)/./node_modules/next/dist/client/app-bootstrap.js:57:9)
    at loadScriptsInSequence (webpack-internal:///(app-pages-browser)/./node_modules/next/dist/client/app-bootstrap.js:23:16)
    at appBootstrap (webpack-internal:///(app-pages-browser)/./node_modules/next/dist/client/app-bootstrap.js:56:26)
    at  (webpack-internal:///(app-pages-browser)/./node_modules/next/dist/client/app-next-dev.js:8:32)
    at (app-pages-browser)/./node_modules/next/dist/client/app-next-dev.js (http://localhost:3000/_next/static/chunks/main-app.js?v=1770431293155:266:1)
    at options.factory (http://localhost:3000/_next/static/chunks/webpack.js?v=1770431293155:715:31)
    at __webpack_require__ (http://localhost:3000/_next/static/chunks/webpack.js?v=1770431293155:37:33)
    at __webpack_exec__ (http://localhost:3000/_next/static/chunks/main-app.js?v=1770431293155:1996:61)
    at  (http://localhost:3000/_next/static/chunks/main-app.js?v=1770431293155:1997:154)
    at webpackJsonpCallback (http://localhost:3000/_next/static/chunks/webpack.js?v=1770431293155:1387:46)
    at  (http://localhost:3000/_next/static/chunks/main-app.js?v=1770431293155:9:61)
[    1908ms] Error: Hydration failed because the initial UI does not match what was rendered on the server.
See more info here: https://nextjs.org/docs/messages/react-hydration-error
    at throwOnHydrationMismatch (webpack-internal:///(app-pages-browser)/./node_modules/next/dist/compiled/react-dom/cjs/react-dom.development.js:6981:9)
    at tryToClaimNextHydratableInstance (webpack-internal:///(app-pages-browser)/./node_modules/next/dist/compiled/react-dom/cjs/react-dom.development.js:7016:7)
    at updateHostComponent$1 (webpack-internal:///(app-pages-browser)/./node_modules/next/dist/compiled/react-dom/cjs/react-dom.development.js:16621:37)
    at beginWork$1 (webpack-internal:///(app-pages-browser)/./node_modules/next/dist/compiled/react-dom/cjs/react-dom.development.js:18503:14)
    at beginWork (webpack-internal:///(app-pages-browser)/./node_modules/next/dist/compiled/react-dom/cjs/react-dom.development.js:26927:14)
    at performUnitOfWork (webpack-internal:///(app-pages-browser)/./node_modules/next/dist/compiled/react-dom/cjs/react-dom.development.js:25748:12)
    at workLoopConcurrent (webpack-internal:///(app-pages-browser)/./node_modules/next/dist/compiled/react-dom/cjs/react-dom.development.js:25734:22)
    at renderRootConcurrent (webpack-internal:///(app-pages-browser)/./node_modules/next/dist/compiled/react-dom/cjs/react-dom.development.js:25690:9)
    at performConcurrentWorkOnRoot (webpack-internal:///(app-pages-browser)/./node_modules/next/dist/compiled/react-dom/cjs/react-dom.development.js:24504:38)
    at workLoop (webpack-internal:///(app-pages-browser)/./node_modules/next/dist/compiled/scheduler/cjs/scheduler.development.js:256:42)
    at flushWork (webpack-internal:///(app-pages-browser)/./node_modules/next/dist/compiled/scheduler/cjs/scheduler.development.js:225:14)
    at performWorkUntilDeadline (webpack-internal:///(app-pages-browser)/./node_modules/next/dist/compiled/scheduler/cjs/scheduler.development.js:534:21)
    at EventHandlerNonNull* (webpack-internal:///(app-pages-browser)/./node_modules/next/dist/compiled/scheduler/cjs/scheduler.development.js:569:3)
    at  (webpack-internal:///(app-pages-browser)/./node_modules/next/dist/compiled/scheduler/cjs/scheduler.development.js:630:5)
    at (app-pages-browser)/./node_modules/next/dist/compiled/scheduler/cjs/scheduler.development.js (http://localhost:3000/_next/static/chunks/main-app.js?v=1770431293155:113:1)
    at options.factory (http://localhost:3000/_next/static/chunks/webpack.js?v=1770431293155:715:31)
    at __webpack_require__ (http://localhost:3000/_next/static/chunks/webpack.js?v=1770431293155:37:33)
    at fn (http://localhost:3000/_next/static/chunks/webpack.js?v=1770431293155:371:21)
    at  (webpack-internal:///(app-pages-browser)/./node_modules/next/dist/compiled/scheduler/index.js:4:20)
    at (app-pages-browser)/./node_modules/next/dist/compiled/scheduler/index.js (http://localhost:3000/_next/static/chunks/main-app.js?v=1770431293155:124:1)
    at options.factory (http://localhost:3000/_next/static/chunks/webpack.js?v=1770431293155:715:31)
    at __webpack_require__ (http://localhost:3000/_next/static/chunks/webpack.js?v=1770431293155:37:33)
    at fn (http://localhost:3000/_next/static/chunks/webpack.js?v=1770431293155:371:21)
    at  (webpack-internal:///(app-pages-browser)/./node_modules/next/dist/compiled/react-dom/cjs/react-dom.development.js:27:36)
    at  (webpack-internal:///(app-pages-browser)/./node_modules/next/dist/compiled/react-dom/cjs/react-dom.development.js:38595:5)
    at (app-pages-browser)/./node_modules/next/dist/compiled/react-dom/cjs/react-dom.development.js (http://localhost:3000/_next/static/chunks/main-app.js?v=1770431293155:1836:1)
    at options.factory (http://localhost:3000/_next/static/chunks/webpack.js?v=1770431293155:715:31)
    at __webpack_require__ (http://localhost:3000/_next/static/chunks/webpack.js?v=1770431293155:37:33)
    at fn (http://localhost:3000/_next/static/chunks/webpack.js?v=1770431293155:371:21)
    at  (webpack-internal:///(app-pages-browser)/./node_modules/next/dist/compiled/react-dom/index.js:32:20)
    at (app-pages-browser)/./node_modules/next/dist/compiled/react-dom/index.js (http://localhost:3000/_next/static/chunks/main-app.js?v=1770431293155:1858:1)
    at options.factory (http://localhost:3000/_next/static/chunks/webpack.js?v=1770431293155:715:31)
    at __webpack_require__ (http://localhost:3000/_next/static/chunks/webpack.js?v=1770431293155:37:33)
    at fn (http://localhost:3000/_next/static/chunks/webpack.js?v=1770431293155:371:21)
    at  (webpack-internal:///(app-pages-browser)/./node_modules/next/dist/compiled/react-dom/client.js:3:28)
    at (app-pages-browser)/./node_modules/next/dist/compiled/react-dom/client.js (http://localhost:3000/_next/static/chunks/main-app.js?v=1770431293155:1847:1)
    at options.factory (http://localhost:3000/_next/static/chunks/webpack.js?v=1770431293155:715:31)
    at __webpack_require__ (http://localhost:3000/_next/static/chunks/webpack.js?v=1770431293155:37:33)
    at fn (http://localhost:3000/_next/static/chunks/webpack.js?v=1770431293155:371:21)
    at  (webpack-internal:///(app-pages-browser)/./node_modules/next/dist/client/app-index.js:15:58)
    at (app-pages-browser)/./node_modules/next/dist/client/app-index.js (http://localhost:3000/_next/static/chunks/main-app.js?v=1770431293155:244:1)
    at options.factory (http://localhost:3000/_next/static/chunks/webpack.js?v=1770431293155:715:31)
    at __webpack_require__ (http://localhost:3000/_next/static/chunks/webpack.js?v=1770431293155:37:33)
    at fn (http://localhost:3000/_next/static/chunks/webpack.js?v=1770431293155:371:21)
    at  (webpack-internal:///(app-pages-browser)/./node_modules/next/dist/client/app-next-dev.js:9:44)
    at appBootstrap/< (webpack-internal:///(app-pages-browser)/./node_modules/next/dist/client/app-bootstrap.js:57:9)
    at loadScriptsInSequence (webpack-internal:///(app-pages-browser)/./node_modules/next/dist/client/app-bootstrap.js:23:16)
    at appBootstrap (webpack-internal:///(app-pages-browser)/./node_modules/next/dist/client/app-bootstrap.js:56:26)
    at  (webpack-internal:///(app-pages-browser)/./node_modules/next/dist/client/app-next-dev.js:8:32)
    at (app-pages-browser)/./node_modules/next/dist/client/app-next-dev.js (http://localhost:3000/_next/static/chunks/main-app.js?v=1770431293155:266:1)
    at options.factory (http://localhost:3000/_next/static/chunks/webpack.js?v=1770431293155:715:31)
    at __webpack_require__ (http://localhost:3000/_next/static/chunks/webpack.js?v=1770431293155:37:33)
    at __webpack_exec__ (http://localhost:3000/_next/static/chunks/main-app.js?v=1770431293155:1996:61)
    at  (http://localhost:3000/_next/static/chunks/main-app.js?v=1770431293155:1997:154)
    at webpackJsonpCallback (http://localhost:3000/_next/static/chunks/webpack.js?v=1770431293155:1387:46)
    at  (http://localhost:3000/_next/static/chunks/main-app.js?v=1770431293155:9:61)
[    1908ms] Error: Hydration failed because the initial UI does not match what was rendered on the server.
See more info here: https://nextjs.org/docs/messages/react-hydration-error
    at throwOnHydrationMismatch (webpack-internal:///(app-pages-browser)/./node_modules/next/dist/compiled/react-dom/cjs/react-dom.development.js:6981:9)
    at tryToClaimNextHydratableInstance (webpack-internal:///(app-pages-browser)/./node_modules/next/dist/compiled/react-dom/cjs/react-dom.development.js:7016:7)
    at updateHostComponent$1 (webpack-internal:///(app-pages-browser)/./node_modules/next/dist/compiled/react-dom/cjs/react-dom.development.js:16621:37)
    at beginWork$1 (webpack-internal:///(app-pages-browser)/./node_modules/next/dist/compiled/react-dom/cjs/react-dom.development.js:18503:14)
    at beginWork (webpack-internal:///(app-pages-browser)/./node_modules/next/dist/compiled/react-dom/cjs/react-dom.development.js:26927:14)
    at performUnitOfWork (webpack-internal:///(app-pages-browser)/./node_modules/next/dist/compiled/react-dom/cjs/react-dom.development.js:25748:12)
    at workLoopConcurrent (webpack-internal:///(app-pages-browser)/./node_modules/next/dist/compiled/react-dom/cjs/react-dom.development.js:25734:22)
    at renderRootConcurrent (webpack-internal:///(app-pages-browser)/./node_modules/next/dist/compiled/react-dom/cjs/react-dom.development.js:25690:9)
    at performConcurrentWorkOnRoot (webpack-internal:///(app-pages-browser)/./node_modules/next/dist/compiled/react-dom/cjs/react-dom.development.js:24504:38)
    at workLoop (webpack-internal:///(app-pages-browser)/./node_modules/next/dist/compiled/scheduler/cjs/scheduler.development.js:256:42)
    at flushWork (webpack-internal:///(app-pages-browser)/./node_modules/next/dist/compiled/scheduler/cjs/scheduler.development.js:225:14)
    at performWorkUntilDeadline (webpack-internal:///(app-pages-browser)/./node_modules/next/dist/compiled/scheduler/cjs/scheduler.development.js:534:21)
    at EventHandlerNonNull* (webpack-internal:///(app-pages-browser)/./node_modules/next/dist/compiled/scheduler/cjs/scheduler.development.js:569:3)
    at  (webpack-internal:///(app-pages-browser)/./node_modules/next/dist/compiled/scheduler/cjs/scheduler.development.js:630:5)
    at (app-pages-browser)/./node_modules/next/dist/compiled/scheduler/cjs/scheduler.development.js (http://localhost:3000/_next/static/chunks/main-app.js?v=1770431293155:113:1)
    at options.factory (http://localhost:3000/_next/static/chunks/webpack.js?v=1770431293155:715:31)
    at __webpack_require__ (http://localhost:3000/_next/static/chunks/webpack.js?v=1770431293155:37:33)
    at fn (http://localhost:3000/_next/static/chunks/webpack.js?v=1770431293155:371:21)
    at  (webpack-internal:///(app-pages-browser)/./node_modules/next/dist/compiled/scheduler/index.js:4:20)
    at (app-pages-browser)/./node_modules/next/dist/compiled/scheduler/index.js (http://localhost:3000/_next/static/chunks/main-app.js?v=1770431293155:124:1)
    at options.factory (http://localhost:3000/_next/static/chunks/webpack.js?v=1770431293155:715:31)
    at __webpack_require__ (http://localhost:3000/_next/static/chunks/webpack.js?v=1770431293155:37:33)
    at fn (http://localhost:3000/_next/static/chunks/webpack.js?v=1770431293155:371:21)
    at  (webpack-internal:///(app-pages-browser)/./node_modules/next/dist/compiled/react-dom/cjs/react-dom.development.js:27:36)
    at  (webpack-internal:///(app-pages-browser)/./node_modules/next/dist/compiled/react-dom/cjs/react-dom.development.js:38595:5)
    at (app-pages-browser)/./node_modules/next/dist/compiled/react-dom/cjs/react-dom.development.js (http://localhost:3000/_next/static/chunks/main-app.js?v=1770431293155:1836:1)
    at options.factory (http://localhost:3000/_next/static/chunks/webpack.js?v=1770431293155:715:31)
    at __webpack_require__ (http://localhost:3000/_next/static/chunks/webpack.js?v=1770431293155:37:33)
    at fn (http://localhost:3000/_next/static/chunks/webpack.js?v=1770431293155:371:21)
    at  (webpack-internal:///(app-pages-browser)/./node_modules/next/dist/compiled/react-dom/index.js:32:20)
    at (app-pages-browser)/./node_modules/next/dist/compiled/react-dom/index.js (http://localhost:3000/_next/static/chunks/main-app.js?v=1770431293155:1858:1)
    at options.factory (http://localhost:3000/_next/static/chunks/webpack.js?v=1770431293155:715:31)
    at __webpack_require__ (http://localhost:3000/_next/static/chunks/webpack.js?v=1770431293155:37:33)
    at fn (http://localhost:3000/_next/static/chunks/webpack.js?v=1770431293155:371:21)
    at  (webpack-internal:///(app-pages-browser)/./node_modules/next/dist/compiled/react-dom/client.js:3:28)
    at (app-pages-browser)/./node_modules/next/dist/compiled/react-dom/client.js (http://localhost:3000/_next/static/chunks/main-app.js?v=1770431293155:1847:1)
    at options.factory (http://localhost:3000/_next/static/chunks/webpack.js?v=1770431293155:715:31)
    at __webpack_require__ (http://localhost:3000/_next/static/chunks/webpack.js?v=1770431293155:37:33)
    at fn (http://localhost:3000/_next/static/chunks/webpack.js?v=1770431293155:371:21)
    at  (webpack-internal:///(app-pages-browser)/./node_modules/next/dist/client/app-index.js:15:58)
    at (app-pages-browser)/./node_modules/next/dist/client/app-index.js (http://localhost:3000/_next/static/chunks/main-app.js?v=1770431293155:244:1)
    at options.factory (http://localhost:3000/_next/static/chunks/webpack.js?v=1770431293155:715:31)
    at __webpack_require__ (http://localhost:3000/_next/static/chunks/webpack.js?v=1770431293155:37:33)
    at fn (http://localhost:3000/_next/static/chunks/webpack.js?v=1770431293155:371:21)
    at  (webpack-internal:///(app-pages-browser)/./node_modules/next/dist/client/app-next-dev.js:9:44)
    at appBootstrap/< (webpack-internal:///(app-pages-browser)/./node_modules/next/dist/client/app-bootstrap.js:57:9)
    at loadScriptsInSequence (webpack-internal:///(app-pages-browser)/./node_modules/next/dist/client/app-bootstrap.js:23:16)
    at appBootstrap (webpack-internal:///(app-pages-browser)/./node_modules/next/dist/client/app-bootstrap.js:56:26)
    at  (webpack-internal:///(app-pages-browser)/./node_modules/next/dist/client/app-next-dev.js:8:32)
    at (app-pages-browser)/./node_modules/next/dist/client/app-next-dev.js (http://localhost:3000/_next/static/chunks/main-app.js?v=1770431293155:266:1)
    at options.factory (http://localhost:3000/_next/static/chunks/webpack.js?v=1770431293155:715:31)
    at __webpack_require__ (http://localhost:3000/_next/static/chunks/webpack.js?v=1770431293155:37:33)
    at __webpack_exec__ (http://localhost:3000/_next/static/chunks/main-app.js?v=1770431293155:1996:61)
    at  (http://localhost:3000/_next/static/chunks/main-app.js?v=1770431293155:1997:154)
    at webpackJsonpCallback (http://localhost:3000/_next/static/chunks/webpack.js?v=1770431293155:1387:46)
    at  (http://localhost:3000/_next/static/chunks/main-app.js?v=1770431293155:9:61)
[    1909ms] Error: Hydration failed because the initial UI does not match what was rendered on the server.
See more info here: https://nextjs.org/docs/messages/react-hydration-error
    at throwOnHydrationMismatch (webpack-internal:///(app-pages-browser)/./node_modules/next/dist/compiled/react-dom/cjs/react-dom.development.js:6981:9)
    at tryToClaimNextHydratableInstance (webpack-internal:///(app-pages-browser)/./node_modules/next/dist/compiled/react-dom/cjs/react-dom.development.js:7016:7)
    at updateHostComponent$1 (webpack-internal:///(app-pages-browser)/./node_modules/next/dist/compiled/react-dom/cjs/react-dom.development.js:16621:37)
    at beginWork$1 (webpack-internal:///(app-pages-browser)/./node_modules/next/dist/compiled/react-dom/cjs/react-dom.development.js:18503:14)
    at beginWork (webpack-internal:///(app-pages-browser)/./node_modules/next/dist/compiled/react-dom/cjs/react-dom.development.js:26927:14)
    at performUnitOfWork (webpack-internal:///(app-pages-browser)/./node_modules/next/dist/compiled/react-dom/cjs/react-dom.development.js:25748:12)
    at workLoopConcurrent (webpack-internal:///(app-pages-browser)/./node_modules/next/dist/compiled/react-dom/cjs/react-dom.development.js:25734:22)
    at renderRootConcurrent (webpack-internal:///(app-pages-browser)/./node_modules/next/dist/compiled/react-dom/cjs/react-dom.development.js:25690:9)
    at performConcurrentWorkOnRoot (webpack-internal:///(app-pages-browser)/./node_modules/next/dist/compiled/react-dom/cjs/react-dom.development.js:24504:38)
    at workLoop (webpack-internal:///(app-pages-browser)/./node_modules/next/dist/compiled/scheduler/cjs/scheduler.development.js:256:42)
    at flushWork (webpack-internal:///(app-pages-browser)/./node_modules/next/dist/compiled/scheduler/cjs/scheduler.development.js:225:14)
    at performWorkUntilDeadline (webpack-internal:///(app-pages-browser)/./node_modules/next/dist/compiled/scheduler/cjs/scheduler.development.js:534:21)
    at EventHandlerNonNull* (webpack-internal:///(app-pages-browser)/./node_modules/next/dist/compiled/scheduler/cjs/scheduler.development.js:569:3)
    at  (webpack-internal:///(app-pages-browser)/./node_modules/next/dist/compiled/scheduler/cjs/scheduler.development.js:630:5)
    at (app-pages-browser)/./node_modules/next/dist/compiled/scheduler/cjs/scheduler.development.js (http://localhost:3000/_next/static/chunks/main-app.js?v=1770431293155:113:1)
    at options.factory (http://localhost:3000/_next/static/chunks/webpack.js?v=1770431293155:715:31)
    at __webpack_require__ (http://localhost:3000/_next/static/chunks/webpack.js?v=1770431293155:37:33)
    at fn (http://localhost:3000/_next/static/chunks/webpack.js?v=1770431293155:371:21)
    at  (webpack-internal:///(app-pages-browser)/./node_modules/next/dist/compiled/scheduler/index.js:4:20)
    at (app-pages-browser)/./node_modules/next/dist/compiled/scheduler/index.js (http://localhost:3000/_next/static/chunks/main-app.js?v=1770431293155:124:1)
    at options.factory (http://localhost:3000/_next/static/chunks/webpack.js?v=1770431293155:715:31)
    at __webpack_require__ (http://localhost:3000/_next/static/chunks/webpack.js?v=1770431293155:37:33)
    at fn (http://localhost:3000/_next/static/chunks/webpack.js?v=1770431293155:371:21)
    at  (webpack-internal:///(app-pages-browser)/./node_modules/next/dist/compiled/react-dom/cjs/react-dom.development.js:27:36)
    at  (webpack-internal:///(app-pages-browser)/./node_modules/next/dist/compiled/react-dom/cjs/react-dom.development.js:38595:5)
    at (app-pages-browser)/./node_modules/next/dist/compiled/react-dom/cjs/react-dom.development.js (http://localhost:3000/_next/static/chunks/main-app.js?v=1770431293155:1836:1)
    at options.factory (http://localhost:3000/_next/static/chunks/webpack.js?v=1770431293155:715:31)
    at __webpack_require__ (http://localhost:3000/_next/static/chunks/webpack.js?v=1770431293155:37:33)
    at fn (http://localhost:3000/_next/static/chunks/webpack.js?v=1770431293155:371:21)
    at  (webpack-internal:///(app-pages-browser)/./node_modules/next/dist/compiled/react-dom/index.js:32:20)
    at (app-pages-browser)/./node_modules/next/dist/compiled/react-dom/index.js (http://localhost:3000/_next/static/chunks/main-app.js?v=1770431293155:1858:1)
    at options.factory (http://localhost:3000/_next/static/chunks/webpack.js?v=1770431293155:715:31)
    at __webpack_require__ (http://localhost:3000/_next/static/chunks/webpack.js?v=1770431293155:37:33)
    at fn (http://localhost:3000/_next/static/chunks/webpack.js?v=1770431293155:371:21)
    at  (webpack-internal:///(app-pages-browser)/./node_modules/next/dist/compiled/react-dom/client.js:3:28)
    at (app-pages-browser)/./node_modules/next/dist/compiled/react-dom/client.js (http://localhost:3000/_next/static/chunks/main-app.js?v=1770431293155:1847:1)
    at options.factory (http://localhost:3000/_next/static/chunks/webpack.js?v=1770431293155:715:31)
    at __webpack_require__ (http://localhost:3000/_next/static/chunks/webpack.js?v=1770431293155:37:33)
    at fn (http://localhost:3000/_next/static/chunks/webpack.js?v=1770431293155:371:21)
    at  (webpack-internal:///(app-pages-browser)/./node_modules/next/dist/client/app-index.js:15:58)
    at (app-pages-browser)/./node_modules/next/dist/client/app-index.js (http://localhost:3000/_next/static/chunks/main-app.js?v=1770431293155:244:1)
    at options.factory (http://localhost:3000/_next/static/chunks/webpack.js?v=1770431293155:715:31)
    at __webpack_require__ (http://localhost:3000/_next/static/chunks/webpack.js?v=1770431293155:37:33)
    at fn (http://localhost:3000/_next/static/chunks/webpack.js?v=1770431293155:371:21)
    at  (webpack-internal:///(app-pages-browser)/./node_modules/next/dist/client/app-next-dev.js:9:44)
    at appBootstrap/< (webpack-internal:///(app-pages-browser)/./node_modules/next/dist/client/app-bootstrap.js:57:9)
    at loadScriptsInSequence (webpack-internal:///(app-pages-browser)/./node_modules/next/dist/client/app-bootstrap.js:23:16)
    at appBootstrap (webpack-internal:///(app-pages-browser)/./node_modules/next/dist/client/app-bootstrap.js:56:26)
    at  (webpack-internal:///(app-pages-browser)/./node_modules/next/dist/client/app-next-dev.js:8:32)
    at (app-pages-browser)/./node_modules/next/dist/client/app-next-dev.js (http://localhost:3000/_next/static/chunks/main-app.js?v=1770431293155:266:1)
    at options.factory (http://localhost:3000/_next/static/chunks/webpack.js?v=1770431293155:715:31)
    at __webpack_require__ (http://localhost:3000/_next/static/chunks/webpack.js?v=1770431293155:37:33)
    at __webpack_exec__ (http://localhost:3000/_next/static/chunks/main-app.js?v=1770431293155:1996:61)
    at  (http://localhost:3000/_next/static/chunks/main-app.js?v=1770431293155:1997:154)
    at webpackJsonpCallback (http://localhost:3000/_next/static/chunks/webpack.js?v=1770431293155:1387:46)
    at  (http://localhost:3000/_next/static/chunks/main-app.js?v=1770431293155:9:61)
[    1909ms] Error: Hydration failed because the initial UI does not match what was rendered on the server.
See more info here: https://nextjs.org/docs/messages/react-hydration-error
    at throwOnHydrationMismatch (webpack-internal:///(app-pages-browser)/./node_modules/next/dist/compiled/react-dom/cjs/react-dom.development.js:6981:9)
    at tryToClaimNextHydratableInstance (webpack-internal:///(app-pages-browser)/./node_modules/next/dist/compiled/react-dom/cjs/react-dom.development.js:7016:7)
    at updateHostComponent$1 (webpack-internal:///(app-pages-browser)/./node_modules/next/dist/compiled/react-dom/cjs/react-dom.development.js:16621:37)
    at beginWork$1 (webpack-internal:///(app-pages-browser)/./node_modules/next/dist/compiled/react-dom/cjs/react-dom.development.js:18503:14)
    at beginWork (webpack-internal:///(app-pages-browser)/./node_modules/next/dist/compiled/react-dom/cjs/react-dom.development.js:26927:14)
    at performUnitOfWork (webpack-internal:///(app-pages-browser)/./node_modules/next/dist/compiled/react-dom/cjs/react-dom.development.js:25748:12)
    at workLoopConcurrent (webpack-internal:///(app-pages-browser)/./node_modules/next/dist/compiled/react-dom/cjs/react-dom.development.js:25734:22)
    at renderRootConcurrent (webpack-internal:///(app-pages-browser)/./node_modules/next/dist/compiled/react-dom/cjs/react-dom.development.js:25690:9)
    at performConcurrentWorkOnRoot (webpack-internal:///(app-pages-browser)/./node_modules/next/dist/compiled/react-dom/cjs/react-dom.development.js:24504:38)
    at workLoop (webpack-internal:///(app-pages-browser)/./node_modules/next/dist/compiled/scheduler/cjs/scheduler.development.js:256:42)
    at flushWork (webpack-internal:///(app-pages-browser)/./node_modules/next/dist/compiled/scheduler/cjs/scheduler.development.js:225:14)
    at performWorkUntilDeadline (webpack-internal:///(app-pages-browser)/./node_modules/next/dist/compiled/scheduler/cjs/scheduler.development.js:534:21)
    at EventHandlerNonNull* (webpack-internal:///(app-pages-browser)/./node_modules/next/dist/compiled/scheduler/cjs/scheduler.development.js:569:3)
    at  (webpack-internal:///(app-pages-browser)/./node_modules/next/dist/compiled/scheduler/cjs/scheduler.development.js:630:5)
    at (app-pages-browser)/./node_modules/next/dist/compiled/scheduler/cjs/scheduler.development.js (http://localhost:3000/_next/static/chunks/main-app.js?v=1770431293155:113:1)
    at options.factory (http://localhost:3000/_next/static/chunks/webpack.js?v=1770431293155:715:31)
    at __webpack_require__ (http://localhost:3000/_next/static/chunks/webpack.js?v=1770431293155:37:33)
    at fn (http://localhost:3000/_next/static/chunks/webpack.js?v=1770431293155:371:21)
    at  (webpack-internal:///(app-pages-browser)/./node_modules/next/dist/compiled/scheduler/index.js:4:20)
    at (app-pages-browser)/./node_modules/next/dist/compiled/scheduler/index.js (http://localhost:3000/_next/static/chunks/main-app.js?v=1770431293155:124:1)
    at options.factory (http://localhost:3000/_next/static/chunks/webpack.js?v=1770431293155:715:31)
    at __webpack_require__ (http://localhost:3000/_next/static/chunks/webpack.js?v=1770431293155:37:33)
    at fn (http://localhost:3000/_next/static/chunks/webpack.js?v=1770431293155:371:21)
    at  (webpack-internal:///(app-pages-browser)/./node_modules/next/dist/compiled/react-dom/cjs/react-dom.development.js:27:36)
    at  (webpack-internal:///(app-pages-browser)/./node_modules/next/dist/compiled/react-dom/cjs/react-dom.development.js:38595:5)
    at (app-pages-browser)/./node_modules/next/dist/compiled/react-dom/cjs/react-dom.development.js (http://localhost:3000/_next/static/chunks/main-app.js?v=1770431293155:1836:1)
    at options.factory (http://localhost:3000/_next/static/chunks/webpack.js?v=1770431293155:715:31)
    at __webpack_require__ (http://localhost:3000/_next/static/chunks/webpack.js?v=1770431293155:37:33)
    at fn (http://localhost:3000/_next/static/chunks/webpack.js?v=1770431293155:371:21)
    at  (webpack-internal:///(app-pages-browser)/./node_modules/next/dist/compiled/react-dom/index.js:32:20)
    at (app-pages-browser)/./node_modules/next/dist/compiled/react-dom/index.js (http://localhost:3000/_next/static/chunks/main-app.js?v=1770431293155:1858:1)
    at options.factory (http://localhost:3000/_next/static/chunks/webpack.js?v=1770431293155:715:31)
    at __webpack_require__ (http://localhost:3000/_next/static/chunks/webpack.js?v=1770431293155:37:33)
    at fn (http://localhost:3000/_next/static/chunks/webpack.js?v=1770431293155:371:21)
    at  (webpack-internal:///(app-pages-browser)/./node_modules/next/dist/compiled/react-dom/client.js:3:28)
    at (app-pages-browser)/./node_modules/next/dist/compiled/react-dom/client.js (http://localhost:3000/_next/static/chunks/main-app.js?v=1770431293155:1847:1)
    at options.factory (http://localhost:3000/_next/static/chunks/webpack.js?v=1770431293155:715:31)
    at __webpack_require__ (http://localhost:3000/_next/static/chunks/webpack.js?v=1770431293155:37:33)
    at fn (http://localhost:3000/_next/static/chunks/webpack.js?v=1770431293155:371:21)
    at  (webpack-internal:///(app-pages-browser)/./node_modules/next/dist/client/app-index.js:15:58)
    at (app-pages-browser)/./node_modules/next/dist/client/app-index.js (http://localhost:3000/_next/static/chunks/main-app.js?v=1770431293155:244:1)
    at options.factory (http://localhost:3000/_next/static/chunks/webpack.js?v=1770431293155:715:31)
    at __webpack_require__ (http://localhost:3000/_next/static/chunks/webpack.js?v=1770431293155:37:33)
    at fn (http://localhost:3000/_next/static/chunks/webpack.js?v=1770431293155:371:21)
    at  (webpack-internal:///(app-pages-browser)/./node_modules/next/dist/client/app-next-dev.js:9:44)
    at appBootstrap/< (webpack-internal:///(app-pages-browser)/./node_modules/next/dist/client/app-bootstrap.js:57:9)
    at loadScriptsInSequence (webpack-internal:///(app-pages-browser)/./node_modules/next/dist/client/app-bootstrap.js:23:16)
    at appBootstrap (webpack-internal:///(app-pages-browser)/./node_modules/next/dist/client/app-bootstrap.js:56:26)
    at  (webpack-internal:///(app-pages-browser)/./node_modules/next/dist/client/app-next-dev.js:8:32)
    at (app-pages-browser)/./node_modules/next/dist/client/app-next-dev.js (http://localhost:3000/_next/static/chunks/main-app.js?v=1770431293155:266:1)
    at options.factory (http://localhost:3000/_next/static/chunks/webpack.js?v=1770431293155:715:31)
    at __webpack_require__ (http://localhost:3000/_next/static/chunks/webpack.js?v=1770431293155:37:33)
    at __webpack_exec__ (http://localhost:3000/_next/static/chunks/main-app.js?v=1770431293155:1996:61)
    at  (http://localhost:3000/_next/static/chunks/main-app.js?v=1770431293155:1997:154)
    at webpackJsonpCallback (http://localhost:3000/_next/static/chunks/webpack.js?v=1770431293155:1387:46)
    at  (http://localhost:3000/_next/static/chunks/main-app.js?v=1770431293155:9:61)
[    1909ms] Error: Hydration failed because the initial UI does not match what was rendered on the server.
See more info here: https://nextjs.org/docs/messages/react-hydration-error
    at throwOnHydrationMismatch (webpack-internal:///(app-pages-browser)/./node_modules/next/dist/compiled/react-dom/cjs/react-dom.development.js:6981:9)
    at tryToClaimNextHydratableInstance (webpack-internal:///(app-pages-browser)/./node_modules/next/dist/compiled/react-dom/cjs/react-dom.development.js:7016:7)
    at updateHostComponent$1 (webpack-internal:///(app-pages-browser)/./node_modules/next/dist/compiled/react-dom/cjs/react-dom.development.js:16621:37)
    at beginWork$1 (webpack-internal:///(app-pages-browser)/./node_modules/next/dist/compiled/react-dom/cjs/react-dom.development.js:18503:14)
    at beginWork (webpack-internal:///(app-pages-browser)/./node_modules/next/dist/compiled/react-dom/cjs/react-dom.development.js:26927:14)
    at performUnitOfWork (webpack-internal:///(app-pages-browser)/./node_modules/next/dist/compiled/react-dom/cjs/react-dom.development.js:25748:12)
    at workLoopConcurrent (webpack-internal:///(app-pages-browser)/./node_modules/next/dist/compiled/react-dom/cjs/react-dom.development.js:25734:22)
    at renderRootConcurrent (webpack-internal:///(app-pages-browser)/./node_modules/next/dist/compiled/react-dom/cjs/react-dom.development.js:25690:9)
    at performConcurrentWorkOnRoot (webpack-internal:///(app-pages-browser)/./node_modules/next/dist/compiled/react-dom/cjs/react-dom.development.js:24504:38)
    at workLoop (webpack-internal:///(app-pages-browser)/./node_modules/next/dist/compiled/scheduler/cjs/scheduler.development.js:256:42)
    at flushWork (webpack-internal:///(app-pages-browser)/./node_modules/next/dist/compiled/scheduler/cjs/scheduler.development.js:225:14)
    at performWorkUntilDeadline (webpack-internal:///(app-pages-browser)/./node_modules/next/dist/compiled/scheduler/cjs/scheduler.development.js:534:21)
    at EventHandlerNonNull* (webpack-internal:///(app-pages-browser)/./node_modules/next/dist/compiled/scheduler/cjs/scheduler.development.js:569:3)
    at  (webpack-internal:///(app-pages-browser)/./node_modules/next/dist/compiled/scheduler/cjs/scheduler.development.js:630:5)
    at (app-pages-browser)/./node_modules/next/dist/compiled/scheduler/cjs/scheduler.development.js (http://localhost:3000/_next/static/chunks/main-app.js?v=1770431293155:113:1)
    at options.factory (http://localhost:3000/_next/static/chunks/webpack.js?v=1770431293155:715:31)
    at __webpack_require__ (http://localhost:3000/_next/static/chunks/webpack.js?v=1770431293155:37:33)
    at fn (http://localhost:3000/_next/static/chunks/webpack.js?v=1770431293155:371:21)
    at  (webpack-internal:///(app-pages-browser)/./node_modules/next/dist/compiled/scheduler/index.js:4:20)
    at (app-pages-browser)/./node_modules/next/dist/compiled/scheduler/index.js (http://localhost:3000/_next/static/chunks/main-app.js?v=1770431293155:124:1)
    at options.factory (http://localhost:3000/_next/static/chunks/webpack.js?v=1770431293155:715:31)
    at __webpack_require__ (http://localhost:3000/_next/static/chunks/webpack.js?v=1770431293155:37:33)
    at fn (http://localhost:3000/_next/static/chunks/webpack.js?v=1770431293155:371:21)
    at  (webpack-internal:///(app-pages-browser)/./node_modules/next/dist/compiled/react-dom/cjs/react-dom.development.js:27:36)
    at  (webpack-internal:///(app-pages-browser)/./node_modules/next/dist/compiled/react-dom/cjs/react-dom.development.js:38595:5)
    at (app-pages-browser)/./node_modules/next/dist/compiled/react-dom/cjs/react-dom.development.js (http://localhost:3000/_next/static/chunks/main-app.js?v=1770431293155:1836:1)
    at options.factory (http://localhost:3000/_next/static/chunks/webpack.js?v=1770431293155:715:31)
    at __webpack_require__ (http://localhost:3000/_next/static/chunks/webpack.js?v=1770431293155:37:33)
    at fn (http://localhost:3000/_next/static/chunks/webpack.js?v=1770431293155:371:21)
    at  (webpack-internal:///(app-pages-browser)/./node_modules/next/dist/compiled/react-dom/index.js:32:20)
    at (app-pages-browser)/./node_modules/next/dist/compiled/react-dom/index.js (http://localhost:3000/_next/static/chunks/main-app.js?v=1770431293155:1858:1)
    at options.factory (http://localhost:3000/_next/static/chunks/webpack.js?v=1770431293155:715:31)
    at __webpack_require__ (http://localhost:3000/_next/static/chunks/webpack.js?v=1770431293155:37:33)
    at fn (http://localhost:3000/_next/static/chunks/webpack.js?v=1770431293155:371:21)
    at  (webpack-internal:///(app-pages-browser)/./node_modules/next/dist/compiled/react-dom/client.js:3:28)
    at (app-pages-browser)/./node_modules/next/dist/compiled/react-dom/client.js (http://localhost:3000/_next/static/chunks/main-app.js?v=1770431293155:1847:1)
    at options.factory (http://localhost:3000/_next/static/chunks/webpack.js?v=1770431293155:715:31)
    at __webpack_require__ (http://localhost:3000/_next/static/chunks/webpack.js?v=1770431293155:37:33)
    at fn (http://localhost:3000/_next/static/chunks/webpack.js?v=1770431293155:371:21)
    at  (webpack-internal:///(app-pages-browser)/./node_modules/next/dist/client/app-index.js:15:58)
    at (app-pages-browser)/./node_modules/next/dist/client/app-index.js (http://localhost:3000/_next/static/chunks/main-app.js?v=1770431293155:244:1)
    at options.factory (http://localhost:3000/_next/static/chunks/webpack.js?v=1770431293155:715:31)
    at __webpack_require__ (http://localhost:3000/_next/static/chunks/webpack.js?v=1770431293155:37:33)
    at fn (http://localhost:3000/_next/static/chunks/webpack.js?v=1770431293155:371:21)
    at  (webpack-internal:///(app-pages-browser)/./node_modules/next/dist/client/app-next-dev.js:9:44)
    at appBootstrap/< (webpack-internal:///(app-pages-browser)/./node_modules/next/dist/client/app-bootstrap.js:57:9)
    at loadScriptsInSequence (webpack-internal:///(app-pages-browser)/./node_modules/next/dist/client/app-bootstrap.js:23:16)
    at appBootstrap (webpack-internal:///(app-pages-browser)/./node_modules/next/dist/client/app-bootstrap.js:56:26)
    at  (webpack-internal:///(app-pages-browser)/./node_modules/next/dist/client/app-next-dev.js:8:32)
    at (app-pages-browser)/./node_modules/next/dist/client/app-next-dev.js (http://localhost:3000/_next/static/chunks/main-app.js?v=1770431293155:266:1)
    at options.factory (http://localhost:3000/_next/static/chunks/webpack.js?v=1770431293155:715:31)
    at __webpack_require__ (http://localhost:3000/_next/static/chunks/webpack.js?v=1770431293155:37:33)
    at __webpack_exec__ (http://localhost:3000/_next/static/chunks/main-app.js?v=1770431293155:1996:61)
    at  (http://localhost:3000/_next/static/chunks/main-app.js?v=1770431293155:1997:154)
    at webpackJsonpCallback (http://localhost:3000/_next/static/chunks/webpack.js?v=1770431293155:1387:46)
    at  (http://localhost:3000/_next/static/chunks/main-app.js?v=1770431293155:9:61)
[    1909ms] Error: Hydration failed because the initial UI does not match what was rendered on the server.
See more info here: https://nextjs.org/docs/messages/react-hydration-error
    at throwOnHydrationMismatch (webpack-internal:///(app-pages-browser)/./node_modules/next/dist/compiled/react-dom/cjs/react-dom.development.js:6981:9)
    at tryToClaimNextHydratableInstance (webpack-internal:///(app-pages-browser)/./node_modules/next/dist/compiled/react-dom/cjs/react-dom.development.js:7016:7)
    at updateHostComponent$1 (webpack-internal:///(app-pages-browser)/./node_modules/next/dist/compiled/react-dom/cjs/react-dom.development.js:16621:37)
    at beginWork$1 (webpack-internal:///(app-pages-browser)/./node_modules/next/dist/compiled/react-dom/cjs/react-dom.development.js:18503:14)
    at beginWork (webpack-internal:///(app-pages-browser)/./node_modules/next/dist/compiled/react-dom/cjs/react-dom.development.js:26927:14)
    at performUnitOfWork (webpack-internal:///(app-pages-browser)/./node_modules/next/dist/compiled/react-dom/cjs/react-dom.development.js:25748:12)
    at workLoopConcurrent (webpack-internal:///(app-pages-browser)/./node_modules/next/dist/compiled/react-dom/cjs/react-dom.development.js:25734:22)
    at renderRootConcurrent (webpack-internal:///(app-pages-browser)/./node_modules/next/dist/compiled/react-dom/cjs/react-dom.development.js:25690:9)
    at performConcurrentWorkOnRoot (webpack-internal:///(app-pages-browser)/./node_modules/next/dist/compiled/react-dom/cjs/react-dom.development.js:24504:38)
    at workLoop (webpack-internal:///(app-pages-browser)/./node_modules/next/dist/compiled/scheduler/cjs/scheduler.development.js:256:42)
    at flushWork (webpack-internal:///(app-pages-browser)/./node_modules/next/dist/compiled/scheduler/cjs/scheduler.development.js:225:14)
    at performWorkUntilDeadline (webpack-internal:///(app-pages-browser)/./node_modules/next/dist/compiled/scheduler/cjs/scheduler.development.js:534:21)
    at EventHandlerNonNull* (webpack-internal:///(app-pages-browser)/./node_modules/next/dist/compiled/scheduler/cjs/scheduler.development.js:569:3)
    at  (webpack-internal:///(app-pages-browser)/./node_modules/next/dist/compiled/scheduler/cjs/scheduler.development.js:630:5)
    at (app-pages-browser)/./node_modules/next/dist/compiled/scheduler/cjs/scheduler.development.js (http://localhost:3000/_next/static/chunks/main-app.js?v=1770431293155:113:1)
    at options.factory (http://localhost:3000/_next/static/chunks/webpack.js?v=1770431293155:715:31)
    at __webpack_require__ (http://localhost:3000/_next/static/chunks/webpack.js?v=1770431293155:37:33)
    at fn (http://localhost:3000/_next/static/chunks/webpack.js?v=1770431293155:371:21)
    at  (webpack-internal:///(app-pages-browser)/./node_modules/next/dist/compiled/scheduler/index.js:4:20)
    at (app-pages-browser)/./node_modules/next/dist/compiled/scheduler/index.js (http://localhost:3000/_next/static/chunks/main-app.js?v=1770431293155:124:1)
    at options.factory (http://localhost:3000/_next/static/chunks/webpack.js?v=1770431293155:715:31)
    at __webpack_require__ (http://localhost:3000/_next/static/chunks/webpack.js?v=1770431293155:37:33)
    at fn (http://localhost:3000/_next/static/chunks/webpack.js?v=1770431293155:371:21)
    at  (webpack-internal:///(app-pages-browser)/./node_modules/next/dist/compiled/react-dom/cjs/react-dom.development.js:27:36)
    at  (webpack-internal:///(app-pages-browser)/./node_modules/next/dist/compiled/react-dom/cjs/react-dom.development.js:38595:5)
    at (app-pages-browser)/./node_modules/next/dist/compiled/react-dom/cjs/react-dom.development.js (http://localhost:3000/_next/static/chunks/main-app.js?v=1770431293155:1836:1)
    at options.factory (http://localhost:3000/_next/static/chunks/webpack.js?v=1770431293155:715:31)
    at __webpack_require__ (http://localhost:3000/_next/static/chunks/webpack.js?v=1770431293155:37:33)
    at fn (http://localhost:3000/_next/static/chunks/webpack.js?v=1770431293155:371:21)
    at  (webpack-internal:///(app-pages-browser)/./node_modules/next/dist/compiled/react-dom/index.js:32:20)
    at (app-pages-browser)/./node_modules/next/dist/compiled/react-dom/index.js (http://localhost:3000/_next/static/chunks/main-app.js?v=1770431293155:1858:1)
    at options.factory (http://localhost:3000/_next/static/chunks/webpack.js?v=1770431293155:715:31)
    at __webpack_require__ (http://localhost:3000/_next/static/chunks/webpack.js?v=1770431293155:37:33)
    at fn (http://localhost:3000/_next/static/chunks/webpack.js?v=1770431293155:371:21)
    at  (webpack-internal:///(app-pages-browser)/./node_modules/next/dist/compiled/react-dom/client.js:3:28)
    at (app-pages-browser)/./node_modules/next/dist/compiled/react-dom/client.js (http://localhost:3000/_next/static/chunks/main-app.js?v=1770431293155:1847:1)
    at options.factory (http://localhost:3000/_next/static/chunks/webpack.js?v=1770431293155:715:31)
    at __webpack_require__ (http://localhost:3000/_next/static/chunks/webpack.js?v=1770431293155:37:33)
    at fn (http://localhost:3000/_next/static/chunks/webpack.js?v=1770431293155:371:21)
    at  (webpack-internal:///(app-pages-browser)/./node_modules/next/dist/client/app-index.js:15:58)
    at (app-pages-browser)/./node_modules/next/dist/client/app-index.js (http://localhost:3000/_next/static/chunks/main-app.js?v=1770431293155:244:1)
    at options.factory (http://localhost:3000/_next/static/chunks/webpack.js?v=1770431293155:715:31)
    at __webpack_require__ (http://localhost:3000/_next/static/chunks/webpack.js?v=1770431293155:37:33)
    at fn (http://localhost:3000/_next/static/chunks/webpack.js?v=1770431293155:371:21)
    at  (webpack-internal:///(app-pages-browser)/./node_modules/next/dist/client/app-next-dev.js:9:44)
    at appBootstrap/< (webpack-internal:///(app-pages-browser)/./node_modules/next/dist/client/app-bootstrap.js:57:9)
    at loadScriptsInSequence (webpack-internal:///(app-pages-browser)/./node_modules/next/dist/client/app-bootstrap.js:23:16)
    at appBootstrap (webpack-internal:///(app-pages-browser)/./node_modules/next/dist/client/app-bootstrap.js:56:26)
    at  (webpack-internal:///(app-pages-browser)/./node_modules/next/dist/client/app-next-dev.js:8:32)
    at (app-pages-browser)/./node_modules/next/dist/client/app-next-dev.js (http://localhost:3000/_next/static/chunks/main-app.js?v=1770431293155:266:1)
    at options.factory (http://localhost:3000/_next/static/chunks/webpack.js?v=1770431293155:715:31)
    at __webpack_require__ (http://localhost:3000/_next/static/chunks/webpack.js?v=1770431293155:37:33)
    at __webpack_exec__ (http://localhost:3000/_next/static/chunks/main-app.js?v=1770431293155:1996:61)
    at  (http://localhost:3000/_next/static/chunks/main-app.js?v=1770431293155:1997:154)
    at webpackJsonpCallback (http://localhost:3000/_next/static/chunks/webpack.js?v=1770431293155:1387:46)
    at  (http://localhost:3000/_next/static/chunks/main-app.js?v=1770431293155:9:61)
[    1910ms] Error: There was an error while hydrating. Because the error happened outside of a Suspense boundary, the entire root will switch to client rendering.
    at updateHostRoot (webpack-internal:///(app-pages-browser)/./node_modules/next/dist/compiled/react-dom/cjs/react-dom.development.js:16571:57)
    at beginWork$1 (webpack-internal:///(app-pages-browser)/./node_modules/next/dist/compiled/react-dom/cjs/react-dom.development.js:18486:14)
    at beginWork (webpack-internal:///(app-pages-browser)/./node_modules/next/dist/compiled/react-dom/cjs/react-dom.development.js:26927:14)
    at performUnitOfWork (webpack-internal:///(app-pages-browser)/./node_modules/next/dist/compiled/react-dom/cjs/react-dom.development.js:25748:12)
    at workLoopSync (webpack-internal:///(app-pages-browser)/./node_modules/next/dist/compiled/react-dom/cjs/react-dom.development.js:25464:22)
    at renderRootSync (webpack-internal:///(app-pages-browser)/./node_modules/next/dist/compiled/react-dom/cjs/react-dom.development.js:25419:7)
    at recoverFromConcurrentError (webpack-internal:///(app-pages-browser)/./node_modules/next/dist/compiled/react-dom/cjs/react-dom.development.js:24597:34)
    at performConcurrentWorkOnRoot (webpack-internal:///(app-pages-browser)/./node_modules/next/dist/compiled/react-dom/cjs/react-dom.development.js:24542:26)
    at workLoop (webpack-internal:///(app-pages-browser)/./node_modules/next/dist/compiled/scheduler/cjs/scheduler.development.js:256:42)
    at flushWork (webpack-internal:///(app-pages-browser)/./node_modules/next/dist/compiled/scheduler/cjs/scheduler.development.js:225:14)
    at performWorkUntilDeadline (webpack-internal:///(app-pages-browser)/./node_modules/next/dist/compiled/scheduler/cjs/scheduler.development.js:534:21)
    at EventHandlerNonNull* (webpack-internal:///(app-pages-browser)/./node_modules/next/dist/compiled/scheduler/cjs/scheduler.development.js:569:3)
    at  (webpack-internal:///(app-pages-browser)/./node_modules/next/dist/compiled/scheduler/cjs/scheduler.development.js:630:5)
    at (app-pages-browser)/./node_modules/next/dist/compiled/scheduler/cjs/scheduler.development.js (http://localhost:3000/_next/static/chunks/main-app.js?v=1770431293155:113:1)
    at options.factory (http://localhost:3000/_next/static/chunks/webpack.js?v=1770431293155:715:31)
    at __webpack_require__ (http://localhost:3000/_next/static/chunks/webpack.js?v=1770431293155:37:33)
    at fn (http://localhost:3000/_next/static/chunks/webpack.js?v=1770431293155:371:21)
    at  (webpack-internal:///(app-pages-browser)/./node_modules/next/dist/compiled/scheduler/index.js:4:20)
    at (app-pages-browser)/./node_modules/next/dist/compiled/scheduler/index.js (http://localhost:3000/_next/static/chunks/main-app.js?v=1770431293155:124:1)
    at options.factory (http://localhost:3000/_next/static/chunks/webpack.js?v=1770431293155:715:31)
    at __webpack_require__ (http://localhost:3000/_next/static/chunks/webpack.js?v=1770431293155:37:33)
    at fn (http://localhost:3000/_next/static/chunks/webpack.js?v=1770431293155:371:21)
    at  (webpack-internal:///(app-pages-browser)/./node_modules/next/dist/compiled/react-dom/cjs/react-dom.development.js:27:36)
    at  (webpack-internal:///(app-pages-browser)/./node_modules/next/dist/compiled/react-dom/cjs/react-dom.development.js:38595:5)
    at (app-pages-browser)/./node_modules/next/dist/compiled/react-dom/cjs/react-dom.development.js (http://localhost:3000/_next/static/chunks/main-app.js?v=1770431293155:1836:1)
    at options.factory (http://localhost:3000/_next/static/chunks/webpack.js?v=1770431293155:715:31)
    at __webpack_require__ (http://localhost:3000/_next/static/chunks/webpack.js?v=1770431293155:37:33)
    at fn (http://localhost:3000/_next/static/chunks/webpack.js?v=1770431293155:371:21)
    at  (webpack-internal:///(app-pages-browser)/./node_modules/next/dist/compiled/react-dom/index.js:32:20)
    at (app-pages-browser)/./node_modules/next/dist/compiled/react-dom/index.js (http://localhost:3000/_next/static/chunks/main-app.js?v=1770431293155:1858:1)
    at options.factory (http://localhost:3000/_next/static/chunks/webpack.js?v=1770431293155:715:31)
    at __webpack_require__ (http://localhost:3000/_next/static/chunks/webpack.js?v=1770431293155:37:33)
    at fn (http://localhost:3000/_next/static/chunks/webpack.js?v=1770431293155:371:21)
    at  (webpack-internal:///(app-pages-browser)/./node_modules/next/dist/compiled/react-dom/client.js:3:28)
    at (app-pages-browser)/./node_modules/next/dist/compiled/react-dom/client.js (http://localhost:3000/_next/static/chunks/main-app.js?v=1770431293155:1847:1)
    at options.factory (http://localhost:3000/_next/static/chunks/webpack.js?v=1770431293155:715:31)
    at __webpack_require__ (http://localhost:3000/_next/static/chunks/webpack.js?v=1770431293155:37:33)
    at fn (http://localhost:3000/_next/static/chunks/webpack.js?v=1770431293155:371:21)
    at  (webpack-internal:///(app-pages-browser)/./node_modules/next/dist/client/app-index.js:15:58)
    at (app-pages-browser)/./node_modules/next/dist/client/app-index.js (http://localhost:3000/_next/static/chunks/main-app.js?v=1770431293155:244:1)
    at options.factory (http://localhost:3000/_next/static/chunks/webpack.js?v=1770431293155:715:31)
    at __webpack_require__ (http://localhost:3000/_next/static/chunks/webpack.js?v=1770431293155:37:33)
    at fn (http://localhost:3000/_next/static/chunks/webpack.js?v=1770431293155:371:21)
    at  (webpack-internal:///(app-pages-browser)/./node_modules/next/dist/client/app-next-dev.js:9:44)
    at appBootstrap/< (webpack-internal:///(app-pages-browser)/./node_modules/next/dist/client/app-bootstrap.js:57:9)
    at loadScriptsInSequence (webpack-internal:///(app-pages-browser)/./node_modules/next/dist/client/app-bootstrap.js:23:16)
    at appBootstrap (webpack-internal:///(app-pages-browser)/./node_modules/next/dist/client/app-bootstrap.js:56:26)
    at  (webpack-internal:///(app-pages-browser)/./node_modules/next/dist/client/app-next-dev.js:8:32)
    at (app-pages-browser)/./node_modules/next/dist/client/app-next-dev.js (http://localhost:3000/_next/static/chunks/main-app.js?v=1770431293155:266:1)
    at options.factory (http://localhost:3000/_next/static/chunks/webpack.js?v=1770431293155:715:31)
    at __webpack_require__ (http://localhost:3000/_next/static/chunks/webpack.js?v=1770431293155:37:33)
    at __webpack_exec__ (http://localhost:3000/_next/static/chunks/main-app.js?v=1770431293155:1996:61)
    at  (http://localhost:3000/_next/static/chunks/main-app.js?v=1770431293155:1997:154)
    at webpackJsonpCallback (http://localhost:3000/_next/static/chunks/webpack.js?v=1770431293155:1387:46)
    at  (http://localhost:3000/_next/static/chunks/main-app.js?v=1770431293155:9:61)
[    1914ms] [ERROR] [JavaScript Error: "downloadable font: download failed (font-family: "Standard" style:normal weight:400 stretch:100 src index:0): status=2147746065 source: https://type.cargo.site/files/Standard-Book.woff2"] @ :152
