[     282ms] [ERROR] [JavaScript Error: "downloadable font: download failed (font-family: "Terminal Grotesque" style:normal weight:400 stretch:100 src index:0): status=2147746065 source: https://type.cargo.site/files/TerminalGrotesque.woff2"] @ :129
[     282ms] [ERROR] [JavaScript Error: "downloadable font: download failed (font-family: "Diatype" style:normal weight:400 stretch:100 src index:0): status=2147746065 source: https://type.cargo.site/files/Diatype-Regular.woff2"] @ :137
[   40383ms] [ERROR] [JavaScript Error: "downloadable font: download failed (font-family: "Diatype" style:normal weight:400 stretch:100 src index:0): status=2147746065 source: https://type.cargo.site/files/Diatype-Regular.woff2"] @ :137
[   40383ms] [ERROR] [JavaScript Error: "downloadable font: download failed (font-family: "Terminal Grotesque" style:normal weight:400 stretch:100 src index:0): status=2147746065 source: https://type.cargo.site/files/TerminalGrotesque.woff2"] @ :129
[   40383ms] [ERROR] [JavaScript Error: "downloadable font: download failed (font-family: "Standard" style:normal weight:400 stretch:100 src index:0): status=2147746065 source: https://type.cargo.site/files/Standard-Book.woff2"] @ :121
[   50482ms] [ERROR] [JavaScript Error: "downloadable font: download failed (font-family: "Terminal Grotesque" style:normal weight:400 stretch:100 src index:0): status=2147746065 source: https://type.cargo.site/files/TerminalGrotesque.woff2"] @ :160
[   50496ms] [ERROR] [JavaScript Error: "downloadable font: download failed (font-family: "Standard" style:normal weight:400 stretch:100 src index:0): status=2147746065 source: https://type.cargo.site/files/Standard-Book.woff2"] @ :152
[   50501ms] [ERROR] [JavaScript Error: "downloadable font: download failed (font-family: "Diatype" style:normal weight:400 stretch:100 src index:0): status=2147746065 source: https://type.cargo.site/files/Diatype-Regular.woff2"] @ :168
[   76691ms] [ERROR] [JavaScript Error: "downloadable font: download failed (font-family: "Standard" style:normal weight:400 stretch:100 src index:0): status=2147746065 source: https://type.cargo.site/files/Standard-Book.woff2"] @ :152
[   76695ms] [ERROR] [JavaScript Error: "downloadable font: download failed (font-family: "Terminal Grotesque" style:normal weight:400 stretch:100 src index:0): status=2147746065 source: https://type.cargo.site/files/TerminalGrotesque.woff2"] @ :160
[   76696ms] [ERROR] [JavaScript Error: "downloadable font: download failed (font-family: "Diatype" style:normal weight:400 stretch:100 src index:0): status=2147746065 source: https://type.cargo.site/files/Diatype-Regular.woff2"] @ :168
[   80687ms] [ERROR] [JavaScript Error: "downloadable font: download failed (font-family: "Terminal Grotesque" style:normal weight:400 stretch:100 src index:0): status=2147746065 source: https://type.cargo.site/files/TerminalGrotesque.woff2"] @ :160
[   80697ms] [ERROR] [JavaScript Error: "downloadable font: download failed (font-family: "Diatype" style:normal weight:400 stretch:100 src index:0): status=2147746065 source: https://type.cargo.site/files/Diatype-Regular.woff2"] @ :168
[   80699ms] [ERROR] [JavaScript Error: "downloadable font: download failed (font-family: "Standard" style:normal weight:400 stretch:100 src index:0): status=2147746065 source: https://type.cargo.site/files/Standard-Book.woff2"] @ :152
[   84394ms] [ERROR] [JavaScript Error: "downloadable font: download failed (font-family: "Diatype" style:normal weight:400 stretch:100 src index:0): status=2147746065 source: https://type.cargo.site/files/Diatype-Regular.woff2"] @ :168
[   84396ms] [ERROR] [JavaScript Error: "downloadable font: download failed (font-family: "Terminal Grotesque" style:normal weight:400 stretch:100 src index:0): status=2147746065 source: https://type.cargo.site/files/TerminalGrotesque.woff2"] @ :160
[   84396ms] [ERROR] [JavaScript Error: "downloadable font: download failed (font-family: "Standard" style:normal weight:400 stretch:100 src index:0): status=2147746065 source: https://type.cargo.site/files/Standard-Book.woff2"] @ :152
[   88080ms] [ERROR] [JavaScript Error: "downloadable font: download failed (font-family: "Diatype" style:normal weight:400 stretch:100 src index:0): status=2147746065 source: https://type.cargo.site/files/Diatype-Regular.woff2"] @ :168
[   88084ms] [ERROR] [JavaScript Error: "downloadable font: download failed (font-family: "Terminal Grotesque" style:normal weight:400 stretch:100 src index:0): status=2147746065 source: https://type.cargo.site/files/TerminalGrotesque.woff2"] @ :160
[   88085ms] [ERROR] [JavaScript Error: "downloadable font: download failed (font-family: "Standard" style:normal weight:400 stretch:100 src index:0): status=2147746065 source: https://type.cargo.site/files/Standard-Book.woff2"] @ :152
[   92045ms] [ERROR] [JavaScript Error: "downloadable font: download failed (font-family: "Standard" style:normal weight:400 stretch:100 src index:0): status=2147746065 source: https://type.cargo.site/files/Standard-Book.woff2"] @ :152
[   92045ms] [ERROR] [JavaScript Error: "downloadable font: download failed (font-family: "Terminal Grotesque" style:normal weight:400 stretch:100 src index:0): status=2147746065 source: https://type.cargo.site/files/TerminalGrotesque.woff2"] @ :160
[   92050ms] [ERROR] [JavaScript Error: "downloadable font: download failed (font-family: "Diatype" style:normal weight:400 stretch:100 src index:0): status=2147746065 source: https://type.cargo.site/files/Diatype-Regular.woff2"] @ :168
[   97029ms] [ERROR] [JavaScript Error: "downloadable font: download failed (font-family: "Standard" style:normal weight:400 stretch:100 src index:0): status=2147746065 source: https://type.cargo.site/files/Standard-Book.woff2"] @ :152
[   97030ms] [ERROR] [JavaScript Error: "downloadable font: download failed (font-family: "Diatype" style:normal weight:400 stretch:100 src index:0): status=2147746065 source: https://type.cargo.site/files/Diatype-Regular.woff2"] @ :168
[   97037ms] [ERROR] [JavaScript Error: "downloadable font: download failed (font-family: "Terminal Grotesque" style:normal weight:400 stretch:100 src index:0): status=2147746065 source: https://type.cargo.site/files/TerminalGrotesque.woff2"] @ :160
