[     382ms] [ERROR] [JavaScript Error: "downloadable font: download failed (font-family: "Terminal Grotesque" style:normal weight:400 stretch:100 src index:0): status=2147746065 source: https://type.cargo.site/files/TerminalGrotesque.woff2"] @ :160
[     383ms] [ERROR] [JavaScript Error: "downloadable font: download failed (font-family: "Diatype" style:normal weight:400 stretch:100 src index:0): status=2147746065 source: https://type.cargo.site/files/Diatype-Regular.woff2"] @ :168
[   10969ms] [ERROR] [JavaScript Error: "downloadable font: download failed (font-family: "Terminal Grotesque" style:normal weight:400 stretch:100 src index:0): status=2147746065 source: https://type.cargo.site/files/TerminalGrotesque.woff2"] @ :160
[   10969ms] [ERROR] [JavaScript Error: "downloadable font: download failed (font-family: "Standard" style:normal weight:400 stretch:100 src index:0): status=2147746065 source: https://type.cargo.site/files/Standard-Book.woff2"] @ :152
[   10969ms] [ERROR] [JavaScript Error: "downloadable font: download failed (font-family: "Diatype" style:normal weight:400 stretch:100 src index:0): status=2147746065 source: https://type.cargo.site/files/Diatype-Regular.woff2"] @ :168
[   56561ms] [ERROR] [JavaScript Error: "downloadable font: download failed (font-family: "Terminal Grotesque" style:normal weight:400 stretch:100 src index:0): status=2147746065 source: https://type.cargo.site/files/TerminalGrotesque.woff2"] @ :160
[   56577ms] [ERROR] [JavaScript Error: "downloadable font: download failed (font-family: "Diatype" style:normal weight:400 stretch:100 src index:0): status=2147746065 source: https://type.cargo.site/files/Diatype-Regular.woff2"] @ :168
[   56650ms] [ERROR] [JavaScript Error: "downloadable font: download failed (font-family: "Standard" style:normal weight:400 stretch:100 src index:0): status=2147746065 source: https://type.cargo.site/files/Standard-Book.woff2"] @ :152
[   60408ms] [ERROR] [JavaScript Error: "downloadable font: download failed (font-family: "Standard" style:normal weight:400 stretch:100 src index:0): status=2147746065 source: https://type.cargo.site/files/Standard-Book.woff2"] @ :152
[   60529ms] [ERROR] [JavaScript Error: "downloadable font: download failed (font-family: "Diatype" style:normal weight:400 stretch:100 src index:0): status=2147746065 source: https://type.cargo.site/files/Diatype-Regular.woff2"] @ :168
[   60537ms] [ERROR] [JavaScript Error: "downloadable font: download failed (font-family: "Terminal Grotesque" style:normal weight:400 stretch:100 src index:0): status=2147746065 source: https://type.cargo.site/files/TerminalGrotesque.woff2"] @ :160
[   64516ms] [ERROR] [JavaScript Error: "downloadable font: download failed (font-family: "Standard" style:normal weight:400 stretch:100 src index:0): status=2147746065 source: https://type.cargo.site/files/Standard-Book.woff2"] @ :152
[   64578ms] [ERROR] [JavaScript Error: "downloadable font: download failed (font-family: "Diatype" style:normal weight:400 stretch:100 src index:0): status=2147746065 source: https://type.cargo.site/files/Diatype-Regular.woff2"] @ :168
[   64608ms] [ERROR] [JavaScript Error: "downloadable font: download failed (font-family: "Terminal Grotesque" style:normal weight:400 stretch:100 src index:0): status=2147746065 source: https://type.cargo.site/files/TerminalGrotesque.woff2"] @ :160
[   67533ms] [ERROR] [JavaScript Error: "downloadable font: download failed (font-family: "Standard" style:normal weight:400 stretch:100 src index:0): status=2147746065 source: https://type.cargo.site/files/Standard-Book.woff2"] @ :152
[   67728ms] [ERROR] [JavaScript Error: "downloadable font: download failed (font-family: "Terminal Grotesque" style:normal weight:400 stretch:100 src index:0): status=2147746065 source: https://type.cargo.site/files/TerminalGrotesque.woff2"] @ :160
[   67742ms] [ERROR] [JavaScript Error: "downloadable font: download failed (font-family: "Diatype" style:normal weight:400 stretch:100 src index:0): status=2147746065 source: https://type.cargo.site/files/Diatype-Regular.woff2"] @ :168
[   75999ms] [ERROR] [JavaScript Error: "downloadable font: download failed (font-family: "Standard" style:normal weight:400 stretch:100 src index:0): status=2147746065 source: https://type.cargo.site/files/Standard-Book.woff2"] @ :152
[   76099ms] [ERROR] [JavaScript Error: "downloadable font: download failed (font-family: "Terminal Grotesque" style:normal weight:400 stretch:100 src index:0): status=2147746065 source: https://type.cargo.site/files/TerminalGrotesque.woff2"] @ :160
[   76120ms] [ERROR] [JavaScript Error: "downloadable font: download failed (font-family: "Diatype" style:normal weight:400 stretch:100 src index:0): status=2147746065 source: https://type.cargo.site/files/Diatype-Regular.woff2"] @ :168
