[     281ms] [ERROR] [JavaScript Error: "downloadable font: download failed (font-family: "Diatype" style:normal weight:400 stretch:100 src index:0): status=2147746065 source: https://type.cargo.site/files/Diatype-Regular.woff2"] @ :137
[     282ms] [ERROR] [JavaScript Error: "downloadable font: download failed (font-family: "Standard" style:normal weight:400 stretch:100 src index:0): status=2147746065 source: https://type.cargo.site/files/Standard-Book.woff2"] @ :121
[     282ms] [ERROR] [JavaScript Error: "downloadable font: download failed (font-family: "Terminal Grotesque" style:normal weight:400 stretch:100 src index:0): status=2147746065 source: https://type.cargo.site/files/TerminalGrotesque.woff2"] @ :129
[    2036ms] [ERROR] [JavaScript Error: "downloadable font: download failed (font-family: "Terminal Grotesque" style:normal weight:400 stretch:100 src index:0): status=2147746065 source: https://type.cargo.site/files/TerminalGrotesque.woff2"] @ :160
[    2051ms] [ERROR] [JavaScript Error: "downloadable font: download failed (font-family: "Standard" style:normal weight:400 stretch:100 src index:0): status=2147746065 source: https://type.cargo.site/files/Standard-Book.woff2"] @ :152
[    2053ms] [ERROR] [JavaScript Error: "downloadable font: download failed (font-family: "Diatype" style:normal weight:400 stretch:100 src index:0): status=2147746065 source: https://type.cargo.site/files/Diatype-Regular.woff2"] @ :168
[   28250ms] [ERROR] [JavaScript Error: "downloadable font: download failed (font-family: "Diatype" style:normal weight:400 stretch:100 src index:0): status=2147746065 source: https://type.cargo.site/files/Diatype-Regular.woff2"] @ :168
[   28252ms] [ERROR] [JavaScript Error: "downloadable font: download failed (font-family: "Terminal Grotesque" style:normal weight:400 stretch:100 src index:0): status=2147746065 source: https://type.cargo.site/files/TerminalGrotesque.woff2"] @ :160
[   28277ms] [ERROR] [JavaScript Error: "downloadable font: download failed (font-family: "Standard" style:normal weight:400 stretch:100 src index:0): status=2147746065 source: https://type.cargo.site/files/Standard-Book.woff2"] @ :152
[   32241ms] [ERROR] [JavaScript Error: "downloadable font: download failed (font-family: "Terminal Grotesque" style:normal weight:400 stretch:100 src index:0): status=2147746065 source: https://type.cargo.site/files/TerminalGrotesque.woff2"] @ :160
[   32254ms] [ERROR] [JavaScript Error: "downloadable font: download failed (font-family: "Diatype" style:normal weight:400 stretch:100 src index:0): status=2147746065 source: https://type.cargo.site/files/Diatype-Regular.woff2"] @ :168
[   32267ms] [ERROR] [JavaScript Error: "downloadable font: download failed (font-family: "Standard" style:normal weight:400 stretch:100 src index:0): status=2147746065 source: https://type.cargo.site/files/Standard-Book.woff2"] @ :152
[   35949ms] [ERROR] [JavaScript Error: "downloadable font: download failed (font-family: "Terminal Grotesque" style:normal weight:400 stretch:100 src index:0): status=2147746065 source: https://type.cargo.site/files/TerminalGrotesque.woff2"] @ :160
[   35952ms] [ERROR] [JavaScript Error: "downloadable font: download failed (font-family: "Standard" style:normal weight:400 stretch:100 src index:0): status=2147746065 source: https://type.cargo.site/files/Standard-Book.woff2"] @ :152
[   35952ms] [ERROR] [JavaScript Error: "downloadable font: download failed (font-family: "Diatype" style:normal weight:400 stretch:100 src index:0): status=2147746065 source: https://type.cargo.site/files/Diatype-Regular.woff2"] @ :168
[   39633ms] [ERROR] [JavaScript Error: "downloadable font: download failed (font-family: "Diatype" style:normal weight:400 stretch:100 src index:0): status=2147746065 source: https://type.cargo.site/files/Diatype-Regular.woff2"] @ :168
[   39634ms] [ERROR] [JavaScript Error: "downloadable font: download failed (font-family: "Terminal Grotesque" style:normal weight:400 stretch:100 src index:0): status=2147746065 source: https://type.cargo.site/files/TerminalGrotesque.woff2"] @ :160
[   39640ms] [ERROR] [JavaScript Error: "downloadable font: download failed (font-family: "Standard" style:normal weight:400 stretch:100 src index:0): status=2147746065 source: https://type.cargo.site/files/Standard-Book.woff2"] @ :152
[   43598ms] [ERROR] [JavaScript Error: "downloadable font: download failed (font-family: "Standard" style:normal weight:400 stretch:100 src index:0): status=2147746065 source: https://type.cargo.site/files/Standard-Book.woff2"] @ :152
[   43601ms] [ERROR] [JavaScript Error: "downloadable font: download failed (font-family: "Terminal Grotesque" style:normal weight:400 stretch:100 src index:0): status=2147746065 source: https://type.cargo.site/files/TerminalGrotesque.woff2"] @ :160
[   43608ms] [ERROR] [JavaScript Error: "downloadable font: download failed (font-family: "Diatype" style:normal weight:400 stretch:100 src index:0): status=2147746065 source: https://type.cargo.site/files/Diatype-Regular.woff2"] @ :168
[   48580ms] [ERROR] [JavaScript Error: "downloadable font: download failed (font-family: "Standard" style:normal weight:400 stretch:100 src index:0): status=2147746065 source: https://type.cargo.site/files/Standard-Book.woff2"] @ :152
[   48582ms] [ERROR] [JavaScript Error: "downloadable font: download failed (font-family: "Terminal Grotesque" style:normal weight:400 stretch:100 src index:0): status=2147746065 source: https://type.cargo.site/files/TerminalGrotesque.woff2"] @ :160
[   48585ms] [ERROR] [JavaScript Error: "downloadable font: download failed (font-family: "Diatype" style:normal weight:400 stretch:100 src index:0): status=2147746065 source: https://type.cargo.site/files/Diatype-Regular.woff2"] @ :168
