[     145ms] [ERROR] [JavaScript Error: "downloadable font: download failed (font-family: "Standard" style:normal weight:400 stretch:100 src index:0): status=2147746065 source: https://type.cargo.site/files/Standard-Book.woff2"] @ :152
[     149ms] [ERROR] [JavaScript Error: "downloadable font: download failed (font-family: "Diatype" style:normal weight:400 stretch:100 src index:0): status=2147746065 source: https://type.cargo.site/files/Diatype-Regular.woff2"] @ :168
[     154ms] [ERROR] [JavaScript Error: "downloadable font: download failed (font-family: "Terminal Grotesque" style:normal weight:400 stretch:100 src index:0): status=2147746065 source: https://type.cargo.site/files/TerminalGrotesque.woff2"] @ :160
[   37759ms] [ERROR] Failed to fetch RSC payload for http://localhost:3000/gallery/update-events. Falling back to browser navigation. Error @ webpack-internal:///(app-pages-browser)/./node_modules/next/dist/client/app-index.js:32
[   37770ms] TypeError: NetworkError when attempting to fetch resource.
    at _promiseAwareJsonValueNoThrow/< (debugger eval code:327:30)
    at async*_promiseAwareJsonValueNoThrow (debugger eval code:329:9)
    at evaluate (debugger eval code:310:33)
    at  (debugger eval code:1:44)
    at evaluateFunction (chrome://juggler/content/content/Runtime.js:404:60)
    at callFunction (chrome://juggler/content/content/Runtime.js:103:41)
    at _onMessageInternal (chrome://juggler/content/SimpleChannel.js:237:37)
    at _onMessage (chrome://juggler/content/SimpleChannel.js:194:12)
    at bindToActor/actor.receiveMessage (chrome://juggler/content/SimpleChannel.js:39:44)
[  365847ms] [ERROR] [JavaScript Error: "The connection to ws://localhost:3000/_next/webpack-hmr was interrupted while the page was loading." {file: "http://localhost:3000/_next/static/chunks/main-app.js?v=1770433339232 line 1002 > eval" line: 42}] @ http://localhost:3000/_next/static/chunks/main-app.js?v=1770433339232 line 1002 > eval:42
[  365868ms] [ERROR] Failed to fetch RSC payload for http://localhost:3000/gallery/update-events. Falling back to browser navigation. Error @ webpack-internal:///(app-pages-browser)/./node_modules/next/dist/client/app-index.js:32
[  365886ms] TypeError: NetworkError when attempting to fetch resource.
    at _promiseAwareJsonValueNoThrow/< (debugger eval code:327:30)
    at async*_promiseAwareJsonValueNoThrow (debugger eval code:329:9)
    at evaluate (debugger eval code:310:33)
    at  (debugger eval code:1:44)
    at evaluateFunction (chrome://juggler/content/content/Runtime.js:404:60)
    at callFunction (chrome://juggler/content/content/Runtime.js:103:41)
    at _onMessageInternal (chrome://juggler/content/SimpleChannel.js:237:37)
    at _onMessage (chrome://juggler/content/SimpleChannel.js:194:12)
    at bindToActor/actor.receiveMessage (chrome://juggler/content/SimpleChannel.js:39:44)
