[     220ms] [ERROR] ./app/(dashboard)/gallery/update-events/page.tsx:4:1
Module not found: Can't resolve './update-events.css'
  2 |
  3 | import { useState, useEffect, useCallback } from 'react'
> 4 | import './update-events.css'
    | ^
  5 |
  6 | interface EventData {
  7 |   org: string

https://nextjs.org/docs/messages/module-not-found @ webpack-internal:///./node_modules/next/dist/client/components/react-dev-overlay/internal/helpers/hydration-error-info.js:62
[     221ms] Error: Module not found: Can't resolve './update-events.css'
  2 |
  3 | import { useState, useEffect, useCallback } from 'react'
> 4 | import './update-events.css'
    | ^
  5 |
  6 | interface EventData {
  7 |   org: string

https://nextjs.org/docs/messages/module-not-found

    at getServerError (webpack-internal:///./node_modules/next/dist/client/components/react-dev-overlay/internal/helpers/nodeStackFrames.js:38:15)
    at hydrate/< (webpack-internal:///./node_modules/next/dist/client/index.js:625:27)
    at setTimeout handler*hydrate (webpack-internal:///./node_modules/next/dist/client/index.js:613:27)
    at async*pageBootrap (webpack-internal:///./node_modules/next/dist/client/page-bootstrap.js:27:26)
    at  (webpack-internal:///./node_modules/next/dist/client/next-dev.js:25:43)
    at promise callback* (webpack-internal:///./node_modules/next/dist/client/next-dev.js:23:4)
    at ./node_modules/next/dist/client/next-dev.js (http://localhost:3000/_next/static/chunks/fallback/main.js:820:1)
    at options.factory (http://localhost:3000/_next/static/chunks/fallback/webpack.js:647:31)
    at __webpack_require__ (http://localhost:3000/_next/static/chunks/fallback/webpack.js:37:33)
    at __webpack_exec__ (http://localhost:3000/_next/static/chunks/fallback/main.js:1964:61)
    at  (http://localhost:3000/_next/static/chunks/fallback/main.js:1965:53)
    at webpackJsonpCallback (http://localhost:3000/_next/static/chunks/fallback/webpack.js:1195:46)
    at  (http://localhost:3000/_next/static/chunks/fallback/main.js:9:61)
[   15064ms] [ERROR] ./app/(dashboard)/gallery/update-events/page.tsx:4:1
Module not found: Can't resolve './update-events.css'
  2 |
  3 | import { useState, useEffect, useCallback } from 'react'
> 4 | import './update-events.css'
    | ^
  5 |
  6 | interface EventData {
  7 |   org: string

https://nextjs.org/docs/messages/module-not-found @ webpack-internal:///./node_modules/next/dist/client/components/react-dev-overlay/internal/helpers/hydration-error-info.js:62
[   15338ms] [WARNING] [Fast Refresh] performing full reload because your application had an unrecoverable error @ webpack-internal:///./node_modules/next/dist/client/components/react-dev-overlay/pages/hot-reloader-client.js:349
